Using pre-set license
Built from '6000.0/respin/6000.0.59f1-063c55f2fd0f' branch; Version is '6000.0.59f2 (ef281c76c3c1) revision 15673372'; Using compiler version '193933523'; Build Type 'Release'
OS: 'Windows 11  (10.0.26100) 64bit Professional' Language: 'fr' Physical Memory: 24299 MB
BatchMode: 1, IsHumanControllingUs: 0, StartBugReporterOnCrash: 0, Is64bit: 1
Date: 2026-01-22T09:07:02Z

COMMAND LINE ARGUMENTS:
C:\Program Files\Unity\Hub\Editor\6000.0.59f2\Editor\Unity.exe
-adb2
-batchMode
-noUpm
-name
AssetImportWorker4
-projectPath
C:/Users/User/Documents/Projet Semstriel 1/REBOOT 01 2026/Projet Github/Cellule/ProjetCellule
-logFile
Logs/AssetImportWorker4.log
-srvPort
53392
-job-worker-count
5
-background-job-worker-count
8
-gc-helper-count
1
-name
AssetImport
Successfully changed project path to: C:/Users/User/Documents/Projet Semstriel 1/REBOOT 01 2026/Projet Github/Cellule/ProjetCellule
C:/Users/User/Documents/Projet Semstriel 1/REBOOT 01 2026/Projet Github/Cellule/ProjetCellule
[UnityMemory] Configuration Parameters - Can be set up in boot.config
    "memorysetup-bucket-allocator-granularity=16"
    "memorysetup-bucket-allocator-bucket-count=8"
    "memorysetup-bucket-allocator-block-size=33554432"
    "memorysetup-bucket-allocator-block-count=8"
    "memorysetup-main-allocator-block-size=16777216"
    "memorysetup-thread-allocator-block-size=16777216"
    "memorysetup-gfx-main-allocator-block-size=16777216"
    "memorysetup-gfx-thread-allocator-block-size=16777216"
    "memorysetup-cache-allocator-block-size=4194304"
    "memorysetup-typetree-allocator-block-size=2097152"
    "memorysetup-profiler-bucket-allocator-granularity=16"
    "memorysetup-profiler-bucket-allocator-bucket-count=8"
    "memorysetup-profiler-bucket-allocator-block-size=33554432"
    "memorysetup-profiler-bucket-allocator-block-count=8"
    "memorysetup-profiler-allocator-block-size=16777216"
    "memorysetup-profiler-editor-allocator-block-size=1048576"
    "memorysetup-temp-allocator-size-main=16777216"
    "memorysetup-job-temp-allocator-block-size=2097152"
    "memorysetup-job-temp-allocator-block-size-background=1048576"
    "memorysetup-job-temp-allocator-reduction-small-platforms=262144"
    "memorysetup-allocator-temp-initial-block-size-main=262144"
    "memorysetup-allocator-temp-initial-block-size-worker=262144"
    "memorysetup-temp-allocator-size-background-worker=32768"
    "memorysetup-temp-allocator-size-job-worker=262144"
    "memorysetup-temp-allocator-size-preload-manager=33554432"
    "memorysetup-temp-allocator-size-nav-mesh-worker=65536"
    "memorysetup-temp-allocator-size-audio-worker=65536"
    "memorysetup-temp-allocator-size-cloud-worker=32768"
    "memorysetup-temp-allocator-size-gi-baking-worker=262144"
    "memorysetup-temp-allocator-size-gi-baking-worker=262144"
    "memorysetup-temp-allocator-size-gi-baking-worker=262144"
    "memorysetup-temp-allocator-size-gi-baking-worker=262144"
    "memorysetup-temp-allocator-size-gi-baking-worker=262144"
    "memorysetup-temp-allocator-size-gfx=262144"
Player connection [46872]  Target information:

Player connection [46872]  * "[IP] 192.168.1.23 [Port] 0 [Flags] 2 [Guid] 4159689013 [EditorId] 4159689013 [Version] 1048832 [Id] WindowsEditor(7,DESKTOP-Q5MD7J7) [Debug] 1 [PackageName] WindowsEditor [ProjectName] Editor" 

Player connection [46872] Host joined multi-casting on [225.0.0.222:54997]...
Player connection [46872] Host joined alternative multi-casting on [225.0.0.222:34997]...
JobSystem: Creating JobQueue using job-worker-count value 5
Input System module state changed to: Initialized.
[Physics::Module] Initialized fallback backend.
[Physics::Module] Id: 0xdecafbad
Library Redirect Path: Library/
[Physics::Module] Selected backend.
[Physics::Module] Name: PhysX
[Physics::Module] Id: 0xf2b8ea05
[Physics::Module] SDK Version: 4.1.2
[Physics::Module] Integration Version: 1.0.0
[Physics::Module] Threading Mode: Multi-Threaded
Refreshing native plugins compatible for Editor in 0.99 ms, found 3 plugins.
Preloading 0 native plugins for Editor in 0.00 ms.
Initialize engine version: 6000.0.59f2 (ef281c76c3c1)
[Subsystems] Discovering subsystems at path C:/Program Files/Unity/Hub/Editor/6000.0.59f2/Editor/Data/Resources/UnitySubsystems
[Subsystems] Discovering subsystems at path C:/Users/User/Documents/Projet Semstriel 1/REBOOT 01 2026/Projet Github/Cellule/ProjetCellule/Assets
GfxDevice: creating device client; kGfxThreadingModeNonThreaded
Direct3D:
    Version:  Direct3D 11.0 [level 11.1]
    Renderer: Intel(R) UHD Graphics (ID=0xa7a8)
    Vendor:   Intel
    VRAM:     12149 MB
    Driver:   32.0.101.6129
Initialize mono
Mono path[0] = 'C:/Program Files/Unity/Hub/Editor/6000.0.59f2/Editor/Data/Managed'
Mono path[1] = 'C:/Program Files/Unity/Hub/Editor/6000.0.59f2/Editor/Data/MonoBleedingEdge/lib/mono/unityjit-win32'
Mono config path = 'C:/Program Files/Unity/Hub/Editor/6000.0.59f2/Editor/Data/MonoBleedingEdge/etc'
Using monoOptions --debugger-agent=transport=dt_socket,embedding=1,server=y,suspend=n,address=127.0.0.1:56288
Begin MonoManager ReloadAssembly
Registering precompiled unity dll's ...
Register platform support module: C:/Program Files/Unity/Hub/Editor/6000.0.59f2/Editor/Data/PlaybackEngines/WindowsStandaloneSupport/UnityEditor.WindowsStandalone.Extensions.dll
Registered in 0.001785 seconds.
- Loaded All Assemblies, in  0.288 seconds
Native extension for WindowsStandalone target not found
Mono: successfully reloaded assembly
- Finished resetting the current domain, in  0.235 seconds
Domain Reload Profiling: 522ms
	BeginReloadAssembly (103ms)
		ExecutionOrderSort (0ms)
		DisableScriptedObjects (0ms)
		BackupInstance (0ms)
		ReleaseScriptingObjects (0ms)
		CreateAndSetChildDomain (1ms)
	RebuildCommonClasses (26ms)
	RebuildNativeTypeToScriptingClass (9ms)
	initialDomainReloadingComplete (35ms)
	LoadAllAssembliesAndSetupDomain (114ms)
		LoadAssemblies (101ms)
		RebuildTransferFunctionScriptingTraits (0ms)
		AnalyzeDomain (112ms)
			TypeCache.Refresh (110ms)
				TypeCache.ScanAssembly (101ms)
			BuildScriptInfoCaches (0ms)
			ResolveRequiredComponents (0ms)
	FinalizeReload (235ms)
		ReleaseScriptCaches (0ms)
		RebuildScriptCaches (0ms)
		SetupLoadedEditorAssemblies (204ms)
			LogAssemblyErrors (0ms)
			InitializePlatformSupportModulesInManaged (18ms)
			SetLoadedEditorAssemblies (4ms)
			BeforeProcessingInitializeOnLoad (41ms)
			ProcessInitializeOnLoadAttributes (103ms)
			ProcessInitializeOnLoadMethodAttributes (38ms)
			AfterProcessingInitializeOnLoad (0ms)
			EditorAssembliesLoaded (0ms)
		ExecutionOrderSort2 (0ms)
		AwakeInstancesAfterBackupRestoration (0ms)
========================================================================
Worker process is ready to serve import requests
Import Worker Mode flag is 0x00
Begin MonoManager ReloadAssembly
- Loaded All Assemblies, in  0.524 seconds
Refreshing native plugins compatible for Editor in 0.55 ms, found 3 plugins.
Native extension for WindowsStandalone target not found
Package Manager log level set to [2]
[Package Manager] Failed to launch server process. Reason: Unity was launched with the -noUpm command-line argument
[Package Manager] Unable to send message (not connected to server process).
[Package Manager] Cannot connect to Unity Package Manager local server
Mono: successfully reloaded assembly
- Finished resetting the current domain, in  0.412 seconds
Domain Reload Profiling: 935ms
	BeginReloadAssembly (152ms)
		ExecutionOrderSort (0ms)
		DisableScriptedObjects (5ms)
		BackupInstance (0ms)
		ReleaseScriptingObjects (0ms)
		CreateAndSetChildDomain (22ms)
	RebuildCommonClasses (34ms)
	RebuildNativeTypeToScriptingClass (10ms)
	initialDomainReloadingComplete (27ms)
	LoadAllAssembliesAndSetupDomain (299ms)
		LoadAssemblies (239ms)
		RebuildTransferFunctionScriptingTraits (0ms)
		AnalyzeDomain (148ms)
			TypeCache.Refresh (117ms)
				TypeCache.ScanAssembly (109ms)
			BuildScriptInfoCaches (25ms)
			ResolveRequiredComponents (4ms)
	FinalizeReload (413ms)
		ReleaseScriptCaches (0ms)
		RebuildScriptCaches (0ms)
		SetupLoadedEditorAssemblies (336ms)
			LogAssemblyErrors (0ms)
			InitializePlatformSupportModulesInManaged (2ms)
			SetLoadedEditorAssemblies (5ms)
			BeforeProcessingInitializeOnLoad (62ms)
			ProcessInitializeOnLoadAttributes (248ms)
			ProcessInitializeOnLoadMethodAttributes (17ms)
			AfterProcessingInitializeOnLoad (3ms)
			EditorAssembliesLoaded (0ms)
		ExecutionOrderSort2 (0ms)
		AwakeInstancesAfterBackupRestoration (4ms)
Launched and connected shader compiler UnityShaderCompiler.exe after 0.01 seconds
Refreshing native plugins compatible for Editor in 0.63 ms, found 3 plugins.
Preloading 0 native plugins for Editor in 0.00 ms.
Unloading 0 Unused Serialized files (Serialized files now loaded: 0)
Unloading 3891 unused Assets / (0.9 MB). Loaded Objects now: 4394.
Memory consumption went from 84.0 MB to 83.1 MB.
Total: 3.935100 ms (FindLiveObjects: 0.233600 ms CreateObjectMapping: 0.141300 ms MarkObjects: 2.879500 ms  DeleteObjects: 0.678000 ms)

========================================================================
Received Import Request.
  Time since last request: 556565.761298 seconds.
  path: Assets/Préfab/Cellule Avec Plasmide.prefab
  artifactKey: Guid(e6c58c7b412430545aeb03619db7addd) Importer(2089858483,192608db42251d675da83286b1cce702)
Start importing Assets/Préfab/Cellule Avec Plasmide.prefab using Guid(e6c58c7b412430545aeb03619db7addd) Importer(2089858483,192608db42251d675da83286b1cce702) (ScriptedImporter) -> (artifact id: '4ee37f630c38467c133bfbbdc5459506') in 0.1374416 seconds
Number of updated asset objects reloaded before import = 0Number of asset objects unloaded after import = 53

========================================================================
Received Import Request.
  Time since last request: 71.323149 seconds.
  path: Assets/Material/MAT_Cellules/MAT_Cellule.mat
  artifactKey: Guid(5c3a248b05235a944b4f8260dc7a1bd4) Importer(815301076,1909f56bfc062723c751e8b465ee728b)
Start importing Assets/Material/MAT_Cellules/MAT_Cellule.mat using Guid(5c3a248b05235a944b4f8260dc7a1bd4) Importer(815301076,1909f56bfc062723c751e8b465ee728b) (PreviewImporter) -> (artifact id: '70bdb8d811d693be065a2e51c00398ce') in 0.1300543 seconds
Number of updated asset objects reloaded before import = 0Number of asset objects unloaded after import = 1

========================================================================
Received Import Request.
  Time since last request: 1.228731 seconds.
  path: Assets/Material/MAT_Cellules/Mat Transparence/MAT_TCellule.mat
  artifactKey: Guid(310aa30eb9581c7478535bbd569d19f0) Importer(815301076,1909f56bfc062723c751e8b465ee728b)
Start importing Assets/Material/MAT_Cellules/Mat Transparence/MAT_TCellule.mat using Guid(310aa30eb9581c7478535bbd569d19f0) Importer(815301076,1909f56bfc062723c751e8b465ee728b) (PreviewImporter) -> (artifact id: '36f3ec7fe8b08d43434c05340b2630d5') in 0.0375067 seconds
Number of updated asset objects reloaded before import = 0Number of asset objects unloaded after import = 1

========================================================================
Received Import Request.
  Time since last request: 0.000033 seconds.
  path: Assets/Material/MAT_Cellules/Mat Transparence/MAT_TCellule 2.mat
  artifactKey: Guid(0624732b48a71fd43a68d9a4a60059ad) Importer(815301076,1909f56bfc062723c751e8b465ee728b)
Start importing Assets/Material/MAT_Cellules/Mat Transparence/MAT_TCellule 2.mat using Guid(0624732b48a71fd43a68d9a4a60059ad) Importer(815301076,1909f56bfc062723c751e8b465ee728b) (PreviewImporter) -> (artifact id: '9d47cb1c32adb8de1cca8531a6b2aa64') in 0.0307727 seconds
Number of updated asset objects reloaded before import = 0Number of asset objects unloaded after import = 1

========================================================================
Received Import Request.
  Time since last request: 0.000111 seconds.
  path: Assets/Material/MAT_Cellules/Mat Transparence/MAT_TCellule 3.mat
  artifactKey: Guid(0b0a51ff1131d674fb74a288ff988173) Importer(815301076,1909f56bfc062723c751e8b465ee728b)
Start importing Assets/Material/MAT_Cellules/Mat Transparence/MAT_TCellule 3.mat using Guid(0b0a51ff1131d674fb74a288ff988173) Importer(815301076,1909f56bfc062723c751e8b465ee728b) (PreviewImporter) -> (artifact id: '1fc082f0ac3e3552e4931c8923f270be') in 0.0378897 seconds
Number of updated asset objects reloaded before import = 0Number of asset objects unloaded after import = 1

========================================================================
Received Import Request.
  Time since last request: 2.466788 seconds.
  path: Assets/Material/MAT_Cellules/Mat Transparence/MAT_Mutation1.mat
  artifactKey: Guid(bc944e457a5ac144da7aed37560e9290) Importer(815301076,1909f56bfc062723c751e8b465ee728b)
Start importing Assets/Material/MAT_Cellules/Mat Transparence/MAT_Mutation1.mat using Guid(bc944e457a5ac144da7aed37560e9290) Importer(815301076,1909f56bfc062723c751e8b465ee728b) (PreviewImporter) -> (artifact id: '823dd9f65399852758ced295dc752a86') in 0.0313013 seconds
Number of updated asset objects reloaded before import = 0Number of asset objects unloaded after import = 1

========================================================================
Received Import Request.
  Time since last request: 0.000049 seconds.
  path: Assets/Material/MAT_Cellules/Mat Transparence/MAT_Mutation11.mat
  artifactKey: Guid(8dd7e9bb1ba562a438b35253d79e45b4) Importer(815301076,1909f56bfc062723c751e8b465ee728b)
Start importing Assets/Material/MAT_Cellules/Mat Transparence/MAT_Mutation11.mat using Guid(8dd7e9bb1ba562a438b35253d79e45b4) Importer(815301076,1909f56bfc062723c751e8b465ee728b) (PreviewImporter) -> (artifact id: '552e00afd3dd9736be34ba8bfd3dd8c2') in 0.04592 seconds
Number of updated asset objects reloaded before import = 0Number of asset objects unloaded after import = 1

========================================================================
Received Import Request.
  Time since last request: 0.871300 seconds.
  path: Assets/Material/MAT_Cellules/Mat Transparence/MAT_Mutation11.mat
  artifactKey: Guid(8dd7e9bb1ba562a438b35253d79e45b4) Importer(2089858483,192608db42251d675da83286b1cce702)
Start importing Assets/Material/MAT_Cellules/Mat Transparence/MAT_Mutation11.mat using Guid(8dd7e9bb1ba562a438b35253d79e45b4) Importer(2089858483,192608db42251d675da83286b1cce702) (ScriptedImporter) -> (artifact id: '58b2652616ca33065ec8279640f1154d') in 0.033131 seconds
Number of updated asset objects reloaded before import = 0Number of asset objects unloaded after import = 1

========================================================================
Received Import Request.
  Time since last request: 47.890472 seconds.
  path: Assets/Material/MAT_Cellules/Mat Transparence/MAT_Mutation6.mat
  artifactKey: Guid(26b028dca23124b439a9b331d654ee19) Importer(815301076,1909f56bfc062723c751e8b465ee728b)
Start importing Assets/Material/MAT_Cellules/Mat Transparence/MAT_Mutation6.mat using Guid(26b028dca23124b439a9b331d654ee19) Importer(815301076,1909f56bfc062723c751e8b465ee728b) (PreviewImporter) -> (artifact id: '9e096f8937ba1b2de074f4b3c28f3073') in 0.0246806 seconds
Number of updated asset objects reloaded before import = 0Number of asset objects unloaded after import = 1

========================================================================
Received Import Request.
  Time since last request: 0.921696 seconds.
  path: Assets/Material/MAT_Cellules/Mat Transparence/MAT_Mutation6.mat
  artifactKey: Guid(26b028dca23124b439a9b331d654ee19) Importer(2089858483,192608db42251d675da83286b1cce702)
Start importing Assets/Material/MAT_Cellules/Mat Transparence/MAT_Mutation6.mat using Guid(26b028dca23124b439a9b331d654ee19) Importer(2089858483,192608db42251d675da83286b1cce702) (ScriptedImporter) -> (artifact id: '31f55026a3056d896b3a9f8d92735fee') in 0.0280354 seconds
Number of updated asset objects reloaded before import = 0Number of asset objects unloaded after import = 1

========================================================================
Received Import Request.
  Time since last request: 42.337786 seconds.
  path: Assets/Material/MAT_Cellules/Mat Transparence/MAT_Mutation1.mat
  artifactKey: Guid(bc944e457a5ac144da7aed37560e9290) Importer(815301076,1909f56bfc062723c751e8b465ee728b)
Start importing Assets/Material/MAT_Cellules/Mat Transparence/MAT_Mutation1.mat using Guid(bc944e457a5ac144da7aed37560e9290) Importer(815301076,1909f56bfc062723c751e8b465ee728b) (PreviewImporter) -> (artifact id: '9ecbb48b8f31f0a13f8bfab7d2bce742') in 0.0423226 seconds
Number of updated asset objects reloaded before import = 0Number of asset objects unloaded after import = 1

========================================================================
Received Import Request.
  Time since last request: 0.000315 seconds.
  path: Assets/Material/MAT_Cellules/Mat Transparence/MAT_Mutation11.mat
  artifactKey: Guid(8dd7e9bb1ba562a438b35253d79e45b4) Importer(815301076,1909f56bfc062723c751e8b465ee728b)
Start importing Assets/Material/MAT_Cellules/Mat Transparence/MAT_Mutation11.mat using Guid(8dd7e9bb1ba562a438b35253d79e45b4) Importer(815301076,1909f56bfc062723c751e8b465ee728b) (PreviewImporter) -> (artifact id: '02b8668a7f8967c7f09e6336e222d3f0') in 0.0364036 seconds
Number of updated asset objects reloaded before import = 0Number of asset objects unloaded after import = 1

========================================================================
Received Import Request.
  Time since last request: 0.900059 seconds.
  path: Assets/Material/MAT_Cellules/Mat Transparence/MAT_Mutation11.mat
  artifactKey: Guid(8dd7e9bb1ba562a438b35253d79e45b4) Importer(2089858483,192608db42251d675da83286b1cce702)
Start importing Assets/Material/MAT_Cellules/Mat Transparence/MAT_Mutation11.mat using Guid(8dd7e9bb1ba562a438b35253d79e45b4) Importer(2089858483,192608db42251d675da83286b1cce702) (ScriptedImporter) -> (artifact id: '475447b8948c7f6332f5583eff447eef') in 0.0259978 seconds
Number of updated asset objects reloaded before import = 0Number of asset objects unloaded after import = 1

========================================================================
Received Import Request.
  Time since last request: 0.000119 seconds.
  path: Assets/Material/MAT_Cellules/Mat Transparence/MAT_Mutation1.mat
  artifactKey: Guid(bc944e457a5ac144da7aed37560e9290) Importer(2089858483,192608db42251d675da83286b1cce702)
Start importing Assets/Material/MAT_Cellules/Mat Transparence/MAT_Mutation1.mat using Guid(bc944e457a5ac144da7aed37560e9290) Importer(2089858483,192608db42251d675da83286b1cce702) (ScriptedImporter) -> (artifact id: '1c7fce70689ad3944120a04f164fb638') in 0.0328248 seconds
Number of updated asset objects reloaded before import = 0Number of asset objects unloaded after import = 1

========================================================================
Received Import Request.
  Time since last request: 11.054684 seconds.
  path: Assets/Préfab/Cellule Avec Plasmide.prefab
  artifactKey: Guid(e6c58c7b412430545aeb03619db7addd) Importer(2089858483,192608db42251d675da83286b1cce702)
Start importing Assets/Préfab/Cellule Avec Plasmide.prefab using Guid(e6c58c7b412430545aeb03619db7addd) Importer(2089858483,192608db42251d675da83286b1cce702) (ScriptedImporter) -> (artifact id: '84827d2acb5e4f983bbc2dffc9b11349') in 0.0330279 seconds
Number of updated asset objects reloaded before import = 0Number of asset objects unloaded after import = 53

========================================================================
Received Import Request.
  Time since last request: 4.474651 seconds.
  path: Assets/Préfab/Cellule Avec Plasmide.prefab
  artifactKey: Guid(e6c58c7b412430545aeb03619db7addd) Importer(2089858483,192608db42251d675da83286b1cce702)
Start importing Assets/Préfab/Cellule Avec Plasmide.prefab using Guid(e6c58c7b412430545aeb03619db7addd) Importer(2089858483,192608db42251d675da83286b1cce702) (ScriptedImporter) -> (artifact id: '1af5b13af8f56a46b29424cd6d184bf5') in 0.0343772 seconds
Number of updated asset objects reloaded before import = 0Number of asset objects unloaded after import = 53

========================================================================
Received Import Request.
  Time since last request: 9.163694 seconds.
  path: Assets/Material/MAT_Cellules/Mat Transparence/MAT_TMutation11.mat
  artifactKey: Guid(8dd7e9bb1ba562a438b35253d79e45b4) Importer(815301076,1909f56bfc062723c751e8b465ee728b)
Start importing Assets/Material/MAT_Cellules/Mat Transparence/MAT_TMutation11.mat using Guid(8dd7e9bb1ba562a438b35253d79e45b4) Importer(815301076,1909f56bfc062723c751e8b465ee728b) (PreviewImporter) -> (artifact id: '93c2f86401e73afa11b66cb94a70737d') in 0.0323744 seconds
Number of updated asset objects reloaded before import = 0Number of asset objects unloaded after import = 1

========================================================================
Received Import Request.
  Time since last request: 0.946425 seconds.
  path: Assets/Material/MAT_Cellules/Mat Transparence/MAT_TMutation11.mat
  artifactKey: Guid(8dd7e9bb1ba562a438b35253d79e45b4) Importer(2089858483,192608db42251d675da83286b1cce702)
Start importing Assets/Material/MAT_Cellules/Mat Transparence/MAT_TMutation11.mat using Guid(8dd7e9bb1ba562a438b35253d79e45b4) Importer(2089858483,192608db42251d675da83286b1cce702) (ScriptedImporter) -> (artifact id: '993e30f026a0c4e2b144a2481262bff3') in 0.0270948 seconds
Number of updated asset objects reloaded before import = 0Number of asset objects unloaded after import = 1

========================================================================
Received Import Request.
  Time since last request: 5.976124 seconds.
  path: Assets/Material/MAT_Cellules/Mat Transparence/MAT_TMutation8.mat
  artifactKey: Guid(9df271caf24efd447b241ef54cb156b4) Importer(815301076,1909f56bfc062723c751e8b465ee728b)
Start importing Assets/Material/MAT_Cellules/Mat Transparence/MAT_TMutation8.mat using Guid(9df271caf24efd447b241ef54cb156b4) Importer(815301076,1909f56bfc062723c751e8b465ee728b) (PreviewImporter) -> (artifact id: '0ed03d761fecf88f437e1fde68ae82a0') in 0.0302107 seconds
Number of updated asset objects reloaded before import = 0Number of asset objects unloaded after import = 1

========================================================================
Received Import Request.
  Time since last request: 2.013078 seconds.
  path: Assets/Material/MAT_Cellules/Mat Transparence/MAT_TMutation8.mat
  artifactKey: Guid(9df271caf24efd447b241ef54cb156b4) Importer(2089858483,192608db42251d675da83286b1cce702)
Start importing Assets/Material/MAT_Cellules/Mat Transparence/MAT_TMutation8.mat using Guid(9df271caf24efd447b241ef54cb156b4) Importer(2089858483,192608db42251d675da83286b1cce702) (ScriptedImporter) -> (artifact id: '51d57a66c8fce579fcae8ca82c6d3c03') in 0.0304943 seconds
Number of updated asset objects reloaded before import = 0Number of asset objects unloaded after import = 1

========================================================================
Received Import Request.
  Time since last request: 3.518668 seconds.
  path: Assets/Material/MAT_Cellules/Mat Transparence/MAT_TMutation6.mat
  artifactKey: Guid(26b028dca23124b439a9b331d654ee19) Importer(815301076,1909f56bfc062723c751e8b465ee728b)
Start importing Assets/Material/MAT_Cellules/Mat Transparence/MAT_TMutation6.mat using Guid(26b028dca23124b439a9b331d654ee19) Importer(815301076,1909f56bfc062723c751e8b465ee728b) (PreviewImporter) -> (artifact id: '8787be06ed3428e6c90ff60409f10b86') in 0.0342938 seconds
Number of updated asset objects reloaded before import = 0Number of asset objects unloaded after import = 1

========================================================================
Received Import Request.
  Time since last request: 2.850699 seconds.
  path: Assets/Material/MAT_Cellules/Mat Transparence/MAT_TMutation6.mat
  artifactKey: Guid(26b028dca23124b439a9b331d654ee19) Importer(2089858483,192608db42251d675da83286b1cce702)
Start importing Assets/Material/MAT_Cellules/Mat Transparence/MAT_TMutation6.mat using Guid(26b028dca23124b439a9b331d654ee19) Importer(2089858483,192608db42251d675da83286b1cce702) (ScriptedImporter) -> (artifact id: '01829293269461c628fb462b7c9bc688') in 0.0283466 seconds
Number of updated asset objects reloaded before import = 0Number of asset objects unloaded after import = 1

========================================================================
Received Import Request.
  Time since last request: 4.451223 seconds.
  path: Assets/Material/MAT_Cellules/Mat Transparence/MAT_TMutation1.mat
  artifactKey: Guid(bc944e457a5ac144da7aed37560e9290) Importer(815301076,1909f56bfc062723c751e8b465ee728b)
Start importing Assets/Material/MAT_Cellules/Mat Transparence/MAT_TMutation1.mat using Guid(bc944e457a5ac144da7aed37560e9290) Importer(815301076,1909f56bfc062723c751e8b465ee728b) (PreviewImporter) -> (artifact id: '7787fcbfb7095561f75b473690aa9021') in 0.0274745 seconds
Number of updated asset objects reloaded before import = 0Number of asset objects unloaded after import = 1

========================================================================
Received Import Request.
  Time since last request: 0.941886 seconds.
  path: Assets/Material/MAT_Cellules/Mat Transparence/MAT_TMutation1.mat
  artifactKey: Guid(bc944e457a5ac144da7aed37560e9290) Importer(2089858483,192608db42251d675da83286b1cce702)
Start importing Assets/Material/MAT_Cellules/Mat Transparence/MAT_TMutation1.mat using Guid(bc944e457a5ac144da7aed37560e9290) Importer(2089858483,192608db42251d675da83286b1cce702) (ScriptedImporter) -> (artifact id: 'e6a1809253f8750e842168e7142e5106') in 0.0279466 seconds
Number of updated asset objects reloaded before import = 0Number of asset objects unloaded after import = 1

========================================================================
Received Import Request.
  Time since last request: 36.856753 seconds.
  path: Assets/Préfab/Cellule Avec Plasmide.prefab
  artifactKey: Guid(e6c58c7b412430545aeb03619db7addd) Importer(2089858483,192608db42251d675da83286b1cce702)
Start importing Assets/Préfab/Cellule Avec Plasmide.prefab using Guid(e6c58c7b412430545aeb03619db7addd) Importer(2089858483,192608db42251d675da83286b1cce702) (ScriptedImporter) -> (artifact id: 'f67c1c6b326996bec7f47677b6e0ff00') in 0.0368842 seconds
Number of updated asset objects reloaded before import = 0Number of asset objects unloaded after import = 53

========================================================================
Received Import Request.
  Time since last request: 5.452284 seconds.
  path: Assets/Préfab/Cellule Avec Plasmide.prefab
  artifactKey: Guid(e6c58c7b412430545aeb03619db7addd) Importer(2089858483,192608db42251d675da83286b1cce702)
Start importing Assets/Préfab/Cellule Avec Plasmide.prefab using Guid(e6c58c7b412430545aeb03619db7addd) Importer(2089858483,192608db42251d675da83286b1cce702) (ScriptedImporter) -> (artifact id: '41666a31c6a8cbaa9c156983f496f18a') in 0.039395 seconds
Number of updated asset objects reloaded before import = 0Number of asset objects unloaded after import = 53

========================================================================
Received Import Request.
  Time since last request: 2.982321 seconds.
  path: Assets/Préfab/Cellule Avec Plasmide.prefab
  artifactKey: Guid(e6c58c7b412430545aeb03619db7addd) Importer(2089858483,192608db42251d675da83286b1cce702)
Start importing Assets/Préfab/Cellule Avec Plasmide.prefab using Guid(e6c58c7b412430545aeb03619db7addd) Importer(2089858483,192608db42251d675da83286b1cce702) (ScriptedImporter) -> (artifact id: '215f5f73f5b04d07b6a0f2670d215eba') in 0.0367476 seconds
Number of updated asset objects reloaded before import = 0Number of asset objects unloaded after import = 53

========================================================================
Received Import Request.
  Time since last request: 3.219480 seconds.
  path: Assets/Préfab/Cellule Avec Plasmide.prefab
  artifactKey: Guid(e6c58c7b412430545aeb03619db7addd) Importer(2089858483,192608db42251d675da83286b1cce702)
Start importing Assets/Préfab/Cellule Avec Plasmide.prefab using Guid(e6c58c7b412430545aeb03619db7addd) Importer(2089858483,192608db42251d675da83286b1cce702) (ScriptedImporter) -> (artifact id: '68072c90739f39ecfdbddc129797d519') in 0.0388016 seconds
Number of updated asset objects reloaded before import = 0Number of asset objects unloaded after import = 53

========================================================================
Received Prepare
Begin MonoManager ReloadAssembly
- Loaded All Assemblies, in  0.510 seconds
Refreshing native plugins compatible for Editor in 0.81 ms, found 3 plugins.
Native extension for WindowsStandalone target not found
[Package Manager] Failed to launch server process. Reason: Unity was launched with the -noUpm command-line argument
[Package Manager] Unable to send message (not connected to server process).
[Package Manager] Cannot connect to Unity Package Manager local server
Mono: successfully reloaded assembly
- Finished resetting the current domain, in  0.716 seconds
Domain Reload Profiling: 1227ms
	BeginReloadAssembly (169ms)
		ExecutionOrderSort (0ms)
		DisableScriptedObjects (4ms)
		BackupInstance (0ms)
		ReleaseScriptingObjects (0ms)
		CreateAndSetChildDomain (47ms)
	RebuildCommonClasses (27ms)
	RebuildNativeTypeToScriptingClass (9ms)
	initialDomainReloadingComplete (21ms)
	LoadAllAssembliesAndSetupDomain (285ms)
		LoadAssemblies (243ms)
		RebuildTransferFunctionScriptingTraits (0ms)
		AnalyzeDomain (118ms)
			TypeCache.Refresh (7ms)
				TypeCache.ScanAssembly (0ms)
			BuildScriptInfoCaches (104ms)
			ResolveRequiredComponents (4ms)
	FinalizeReload (717ms)
		ReleaseScriptCaches (0ms)
		RebuildScriptCaches (0ms)
		SetupLoadedEditorAssemblies (594ms)
			LogAssemblyErrors (0ms)
			InitializePlatformSupportModulesInManaged (2ms)
			SetLoadedEditorAssemblies (5ms)
			BeforeProcessingInitializeOnLoad (83ms)
			ProcessInitializeOnLoadAttributes (450ms)
			ProcessInitializeOnLoadMethodAttributes (44ms)
			AfterProcessingInitializeOnLoad (8ms)
			EditorAssembliesLoaded (1ms)
		ExecutionOrderSort2 (0ms)
		AwakeInstancesAfterBackupRestoration (14ms)
Refreshing native plugins compatible for Editor in 2.60 ms, found 3 plugins.
Preloading 0 native plugins for Editor in 0.00 ms.
Unloading 0 Unused Serialized files (Serialized files now loaded: 0)
Unloading 3889 unused Assets / (0.8 MB). Loaded Objects now: 4441.
Memory consumption went from 89.7 MB to 88.9 MB.
Total: 11.168100 ms (FindLiveObjects: 0.486700 ms CreateObjectMapping: 0.672700 ms MarkObjects: 7.664500 ms  DeleteObjects: 2.342200 ms)

Prepare: number of updated asset objects reloaded= 0
========================================================================
Received Prepare
Begin MonoManager ReloadAssembly
- Loaded All Assemblies, in  0.493 seconds
Refreshing native plugins compatible for Editor in 0.65 ms, found 3 plugins.
Native extension for WindowsStandalone target not found
[Package Manager] Failed to launch server process. Reason: Unity was launched with the -noUpm command-line argument
[Package Manager] Unable to send message (not connected to server process).
[Package Manager] Cannot connect to Unity Package Manager local server
Mono: successfully reloaded assembly
- Finished resetting the current domain, in  0.475 seconds
Domain Reload Profiling: 968ms
	BeginReloadAssembly (166ms)
		ExecutionOrderSort (0ms)
		DisableScriptedObjects (4ms)
		BackupInstance (0ms)
		ReleaseScriptingObjects (0ms)
		CreateAndSetChildDomain (41ms)
	RebuildCommonClasses (27ms)
	RebuildNativeTypeToScriptingClass (10ms)
	initialDomainReloadingComplete (19ms)
	LoadAllAssembliesAndSetupDomain (272ms)
		LoadAssemblies (235ms)
		RebuildTransferFunctionScriptingTraits (0ms)
		AnalyzeDomain (118ms)
			TypeCache.Refresh (6ms)
				TypeCache.ScanAssembly (0ms)
			BuildScriptInfoCaches (103ms)
			ResolveRequiredComponents (4ms)
	FinalizeReload (475ms)
		ReleaseScriptCaches (0ms)
		RebuildScriptCaches (0ms)
		SetupLoadedEditorAssemblies (385ms)
			LogAssemblyErrors (0ms)
			InitializePlatformSupportModulesInManaged (2ms)
			SetLoadedEditorAssemblies (5ms)
			BeforeProcessingInitializeOnLoad (81ms)
			ProcessInitializeOnLoadAttributes (268ms)
			ProcessInitializeOnLoadMethodAttributes (25ms)
			AfterProcessingInitializeOnLoad (4ms)
			EditorAssembliesLoaded (0ms)
		ExecutionOrderSort2 (0ms)
		AwakeInstancesAfterBackupRestoration (4ms)
Refreshing native plugins compatible for Editor in 1.68 ms, found 3 plugins.
Preloading 0 native plugins for Editor in 0.00 ms.
Unloading 0 Unused Serialized files (Serialized files now loaded: 0)
Unloading 3889 unused Assets / (1.0 MB). Loaded Objects now: 4442.
Memory consumption went from 89.7 MB to 88.7 MB.
Total: 7.373800 ms (FindLiveObjects: 0.502000 ms CreateObjectMapping: 0.313100 ms MarkObjects: 5.638700 ms  DeleteObjects: 0.918000 ms)

Prepare: number of updated asset objects reloaded= 0
========================================================================
Received Prepare
Begin MonoManager ReloadAssembly
- Loaded All Assemblies, in  0.665 seconds
Refreshing native plugins compatible for Editor in 5.21 ms, found 3 plugins.
Native extension for WindowsStandalone target not found
[Package Manager] Failed to launch server process. Reason: Unity was launched with the -noUpm command-line argument
[Package Manager] Unable to send message (not connected to server process).
[Package Manager] Cannot connect to Unity Package Manager local server
Mono: successfully reloaded assembly
- Finished resetting the current domain, in  1.110 seconds
Domain Reload Profiling: 1781ms
	BeginReloadAssembly (162ms)
		ExecutionOrderSort (0ms)
		DisableScriptedObjects (5ms)
		BackupInstance (0ms)
		ReleaseScriptingObjects (0ms)
		CreateAndSetChildDomain (40ms)
	RebuildCommonClasses (30ms)
	RebuildNativeTypeToScriptingClass (9ms)
	initialDomainReloadingComplete (21ms)
	LoadAllAssembliesAndSetupDomain (449ms)
		LoadAssemblies (279ms)
		RebuildTransferFunctionScriptingTraits (0ms)
		AnalyzeDomain (241ms)
			TypeCache.Refresh (9ms)
				TypeCache.ScanAssembly (0ms)
			BuildScriptInfoCaches (219ms)
			ResolveRequiredComponents (6ms)
	FinalizeReload (1111ms)
		ReleaseScriptCaches (0ms)
		RebuildScriptCaches (0ms)
		SetupLoadedEditorAssemblies (862ms)
			LogAssemblyErrors (0ms)
			InitializePlatformSupportModulesInManaged (6ms)
			SetLoadedEditorAssemblies (12ms)
			BeforeProcessingInitializeOnLoad (187ms)
			ProcessInitializeOnLoadAttributes (602ms)
			ProcessInitializeOnLoadMethodAttributes (50ms)
			AfterProcessingInitializeOnLoad (5ms)
			EditorAssembliesLoaded (0ms)
		ExecutionOrderSort2 (0ms)
		AwakeInstancesAfterBackupRestoration (13ms)
Refreshing native plugins compatible for Editor in 1.62 ms, found 3 plugins.
Preloading 0 native plugins for Editor in 0.00 ms.
Unloading 0 Unused Serialized files (Serialized files now loaded: 0)
Unloading 3889 unused Assets / (0.9 MB). Loaded Objects now: 4443.
Memory consumption went from 89.7 MB to 88.8 MB.
Total: 13.760500 ms (FindLiveObjects: 1.086300 ms CreateObjectMapping: 0.390000 ms MarkObjects: 9.806200 ms  DeleteObjects: 2.470900 ms)

Prepare: number of updated asset objects reloaded= 0
========================================================================
Received Prepare
Begin MonoManager ReloadAssembly
- Loaded All Assemblies, in  0.572 seconds
Refreshing native plugins compatible for Editor in 1.64 ms, found 3 plugins.
Native extension for WindowsStandalone target not found
[Package Manager] Failed to launch server process. Reason: Unity was launched with the -noUpm command-line argument
[Package Manager] Unable to send message (not connected to server process).
[Package Manager] Cannot connect to Unity Package Manager local server
Mono: successfully reloaded assembly
- Finished resetting the current domain, in  1.132 seconds
Domain Reload Profiling: 1710ms
	BeginReloadAssembly (160ms)
		ExecutionOrderSort (0ms)
		DisableScriptedObjects (5ms)
		BackupInstance (0ms)
		ReleaseScriptingObjects (0ms)
		CreateAndSetChildDomain (38ms)
	RebuildCommonClasses (26ms)
	RebuildNativeTypeToScriptingClass (10ms)
	initialDomainReloadingComplete (21ms)
	LoadAllAssembliesAndSetupDomain (360ms)
		LoadAssemblies (253ms)
		RebuildTransferFunctionScriptingTraits (0ms)
		AnalyzeDomain (179ms)
			TypeCache.Refresh (6ms)
				TypeCache.ScanAssembly (0ms)
			BuildScriptInfoCaches (159ms)
			ResolveRequiredComponents (6ms)
	FinalizeReload (1133ms)
		ReleaseScriptCaches (0ms)
		RebuildScriptCaches (0ms)
		SetupLoadedEditorAssemblies (881ms)
			LogAssemblyErrors (0ms)
			InitializePlatformSupportModulesInManaged (5ms)
			SetLoadedEditorAssemblies (11ms)
			BeforeProcessingInitializeOnLoad (232ms)
			ProcessInitializeOnLoadAttributes (580ms)
			ProcessInitializeOnLoadMethodAttributes (48ms)
			AfterProcessingInitializeOnLoad (5ms)
			EditorAssembliesLoaded (0ms)
		ExecutionOrderSort2 (0ms)
		AwakeInstancesAfterBackupRestoration (13ms)
Refreshing native plugins compatible for Editor in 1.85 ms, found 3 plugins.
Preloading 0 native plugins for Editor in 0.00 ms.
Unloading 0 Unused Serialized files (Serialized files now loaded: 0)
Unloading 3889 unused Assets / (0.9 MB). Loaded Objects now: 4444.
Memory consumption went from 89.7 MB to 88.9 MB.
Total: 10.943100 ms (FindLiveObjects: 0.831900 ms CreateObjectMapping: 0.577500 ms MarkObjects: 7.535000 ms  DeleteObjects: 1.996700 ms)

Prepare: number of updated asset objects reloaded= 0
========================================================================
Received Import Request.
  Time since last request: 1564.482604 seconds.
  path: Assets/Scenes/Scène MENU.unity
  artifactKey: Guid(a010137b3a1719a42ba0d3ffca9124e0) Importer(815301076,1909f56bfc062723c751e8b465ee728b)
Start importing Assets/Scenes/Scène MENU.unity using Guid(a010137b3a1719a42ba0d3ffca9124e0) Importer(815301076,1909f56bfc062723c751e8b465ee728b) (PreviewImporter) -> (artifact id: '96eaceb1388df7db187c60812f16632c') in 0.0044054 seconds
Number of updated asset objects reloaded before import = 0Number of asset objects unloaded after import = 0

========================================================================
Received Import Request.
  Time since last request: 1047.230679 seconds.
  path: Assets/Image
  artifactKey: Guid(39922d9e14b3a0f4fb0a1a76438034b6) Importer(815301076,1909f56bfc062723c751e8b465ee728b)
Start importing Assets/Image using Guid(39922d9e14b3a0f4fb0a1a76438034b6) Importer(815301076,1909f56bfc062723c751e8b465ee728b) (PreviewImporter) -> (artifact id: 'bb809468688cd0faeb9bb2d2a9747337') in 0.0007713 seconds
Number of updated asset objects reloaded before import = 0Number of asset objects unloaded after import = 0

========================================================================
Received Import Request.
  Time since last request: 0.078838 seconds.
  path: Assets/Image/observation-d-un-groupe-de-staphylocoques-dores-en-microscopie-electronique-institut-pasteur-1582121646.jpg
  artifactKey: Guid(56aad6ca3b6601846ad00c09946ed216) Importer(815301076,1909f56bfc062723c751e8b465ee728b)
Start importing Assets/Image/observation-d-un-groupe-de-staphylocoques-dores-en-microscopie-electronique-institut-pasteur-1582121646.jpg using Guid(56aad6ca3b6601846ad00c09946ed216) Importer(815301076,1909f56bfc062723c751e8b465ee728b) (PreviewImporter) -> (artifact id: 'd7d4be69ce5e348d28d8f6c6ffd13a13') in 0.0863448 seconds
Number of updated asset objects reloaded before import = 0Number of asset objects unloaded after import = 2

========================================================================
Received Import Request.
  Time since last request: 31.105469 seconds.
  path: Assets/Image/observation-d-un-groupe-de-staphylocoques-dores-en-microscopie-electronique-institut-pasteur-1582121646.jpg
  artifactKey: Guid(56aad6ca3b6601846ad00c09946ed216) Importer(815301076,1909f56bfc062723c751e8b465ee728b)
Start importing Assets/Image/observation-d-un-groupe-de-staphylocoques-dores-en-microscopie-electronique-institut-pasteur-1582121646.jpg using Guid(56aad6ca3b6601846ad00c09946ed216) Importer(815301076,1909f56bfc062723c751e8b465ee728b) (PreviewImporter) -> (artifact id: 'ec405af8decafa2515c92d70dea9888c') in 0.039348 seconds
Number of updated asset objects reloaded before import = 0Number of asset objects unloaded after import = 2

========================================================================
Received Import Request.
  Time since last request: 34.431839 seconds.
  path: Assets/Image/observation-d-un-groupe-de-staphylocoques-dores-en-microscopie-electronique-institut-pasteur-1582121646.jpg
  artifactKey: Guid(56aad6ca3b6601846ad00c09946ed216) Importer(815301076,1909f56bfc062723c751e8b465ee728b)
Start importing Assets/Image/observation-d-un-groupe-de-staphylocoques-dores-en-microscopie-electronique-institut-pasteur-1582121646.jpg using Guid(56aad6ca3b6601846ad00c09946ed216) Importer(815301076,1909f56bfc062723c751e8b465ee728b) (PreviewImporter) -> (artifact id: '0983e6f2ae5a890c56e8ecaca1605599') in 0.0491692 seconds
Number of updated asset objects reloaded before import = 0Number of asset objects unloaded after import = 2

========================================================================
Received Import Request.
  Time since last request: 216.091386 seconds.
  path: Assets/Image/PNG Staphylocoque.png
  artifactKey: Guid(f7fdffe289924df4b977f0c2d6339150) Importer(815301076,1909f56bfc062723c751e8b465ee728b)
Start importing Assets/Image/PNG Staphylocoque.png using Guid(f7fdffe289924df4b977f0c2d6339150) Importer(815301076,1909f56bfc062723c751e8b465ee728b) (PreviewImporter) -> (artifact id: '0ba96937dd88a22e3ae11aa3356fa74f') in 0.0401642 seconds
Number of updated asset objects reloaded before import = 0Number of asset objects unloaded after import = 2

========================================================================
Received Import Request.
  Time since last request: 12.517953 seconds.
  path: Assets/Image/PNG Staphylocoque.png
  artifactKey: Guid(f7fdffe289924df4b977f0c2d6339150) Importer(815301076,1909f56bfc062723c751e8b465ee728b)
Start importing Assets/Image/PNG Staphylocoque.png using Guid(f7fdffe289924df4b977f0c2d6339150) Importer(815301076,1909f56bfc062723c751e8b465ee728b) (PreviewImporter) -> (artifact id: 'de0cc5410c6fc5222fbabf8242c9b584') in 0.0367528 seconds
Number of updated asset objects reloaded before import = 0Number of asset objects unloaded after import = 2

========================================================================
Received Import Request.
  Time since last request: 12.785728 seconds.
  path: Assets/Image/PNG Staphylocoque.png
  artifactKey: Guid(f7fdffe289924df4b977f0c2d6339150) Importer(815301076,1909f56bfc062723c751e8b465ee728b)
Start importing Assets/Image/PNG Staphylocoque.png using Guid(f7fdffe289924df4b977f0c2d6339150) Importer(815301076,1909f56bfc062723c751e8b465ee728b) (PreviewImporter) -> (artifact id: 'd077e869ee6a68d3bbe556980296833c') in 0.0628891 seconds
Number of updated asset objects reloaded before import = 0Number of asset objects unloaded after import = 2

========================================================================
Received Import Request.
  Time since last request: 37.508361 seconds.
  path: Assets/Image/PNG Staphylocoque.png
  artifactKey: Guid(f7fdffe289924df4b977f0c2d6339150) Importer(815301076,1909f56bfc062723c751e8b465ee728b)
Start importing Assets/Image/PNG Staphylocoque.png using Guid(f7fdffe289924df4b977f0c2d6339150) Importer(815301076,1909f56bfc062723c751e8b465ee728b) (PreviewImporter) -> (artifact id: 'a2de9d870ea85d13cba7a159b337327f') in 0.0612771 seconds
Number of updated asset objects reloaded before import = 0Number of asset objects unloaded after import = 3

========================================================================
Received Import Request.
  Time since last request: 198.554541 seconds.
  path: Assets/Image/Test Bouton image.png
  artifactKey: Guid(30a2a9b9d1bca0545a568a31aa54ef7e) Importer(815301076,1909f56bfc062723c751e8b465ee728b)
Start importing Assets/Image/Test Bouton image.png using Guid(30a2a9b9d1bca0545a568a31aa54ef7e) Importer(815301076,1909f56bfc062723c751e8b465ee728b) (PreviewImporter) -> (artifact id: '41caca329bc8c529e916d5a01973a31c') in 0.0368495 seconds
Number of updated asset objects reloaded before import = 0Number of asset objects unloaded after import = 2

========================================================================
Received Import Request.
  Time since last request: 15.046624 seconds.
  path: Assets/Image/Test Bouton image.png
  artifactKey: Guid(30a2a9b9d1bca0545a568a31aa54ef7e) Importer(815301076,1909f56bfc062723c751e8b465ee728b)
Start importing Assets/Image/Test Bouton image.png using Guid(30a2a9b9d1bca0545a568a31aa54ef7e) Importer(815301076,1909f56bfc062723c751e8b465ee728b) (PreviewImporter) -> (artifact id: '44597ce3eedb054be5dfc6ce6cd23aaa') in 0.0306754 seconds
Number of updated asset objects reloaded before import = 0Number of asset objects unloaded after import = 3

========================================================================
Received Import Request.
  Time since last request: 40.332110 seconds.
  path: Assets/Image/Test Bouton image.png
  artifactKey: Guid(30a2a9b9d1bca0545a568a31aa54ef7e) Importer(815301076,1909f56bfc062723c751e8b465ee728b)
Start importing Assets/Image/Test Bouton image.png using Guid(30a2a9b9d1bca0545a568a31aa54ef7e) Importer(815301076,1909f56bfc062723c751e8b465ee728b) (PreviewImporter) -> (artifact id: '9a74171ad4c37516c849162792c71587') in 0.0343814 seconds
Number of updated asset objects reloaded before import = 0Number of asset objects unloaded after import = 3

========================================================================
Received Import Request.
  Time since last request: 395.650928 seconds.
  path: Assets/Image/Test image bouton.png
  artifactKey: Guid(ebf2311d15b779943ac685f222308dea) Importer(815301076,1909f56bfc062723c751e8b465ee728b)
Start importing Assets/Image/Test image bouton.png using Guid(ebf2311d15b779943ac685f222308dea) Importer(815301076,1909f56bfc062723c751e8b465ee728b) (PreviewImporter) -> (artifact id: 'cb0596e547cbb94b26db4640d69eb2bb') in 0.0309964 seconds
Number of updated asset objects reloaded before import = 0Number of asset objects unloaded after import = 2

========================================================================
Received Import Request.
  Time since last request: 17.713545 seconds.
  path: Assets/Image/Test image bouton.png
  artifactKey: Guid(ebf2311d15b779943ac685f222308dea) Importer(815301076,1909f56bfc062723c751e8b465ee728b)
Start importing Assets/Image/Test image bouton.png using Guid(ebf2311d15b779943ac685f222308dea) Importer(815301076,1909f56bfc062723c751e8b465ee728b) (PreviewImporter) -> (artifact id: 'ae9223a2abed5195fd4014d82947ab3b') in 0.0265755 seconds
Number of updated asset objects reloaded before import = 0Number of asset objects unloaded after import = 2

========================================================================
Received Import Request.
  Time since last request: 18.257292 seconds.
  path: Assets/Image/Test image bouton.png
  artifactKey: Guid(ebf2311d15b779943ac685f222308dea) Importer(815301076,1909f56bfc062723c751e8b465ee728b)
Start importing Assets/Image/Test image bouton.png using Guid(ebf2311d15b779943ac685f222308dea) Importer(815301076,1909f56bfc062723c751e8b465ee728b) (PreviewImporter) -> (artifact id: '4ac960cb8f94b5adc3107fa61512d2c5') in 0.0393136 seconds
Number of updated asset objects reloaded before import = 0Number of asset objects unloaded after import = 3

