Using pre-set license
Built from '6000.0/respin/6000.0.59f1-063c55f2fd0f' branch; Version is '6000.0.59f2 (ef281c76c3c1) revision 15673372'; Using compiler version '193933523'; Build Type 'Release'
OS: 'Windows 11  (10.0.26100) 64bit Professional' Language: 'fr' Physical Memory: 24299 MB
BatchMode: 1, IsHumanControllingUs: 0, StartBugReporterOnCrash: 0, Is64bit: 1
Date: 2026-01-22T08:16:40Z

COMMAND LINE ARGUMENTS:
C:\Program Files\Unity\Hub\Editor\6000.0.59f2\Editor\Unity.exe
-adb2
-batchMode
-noUpm
-name
AssetImportWorker2
-projectPath
C:/Users/User/Documents/Projet Semstriel 1/REBOOT 01 2026/Projet Github/Cellule/ProjetCellule
-logFile
Logs/AssetImportWorker2.log
-srvPort
53392
-job-worker-count
5
-background-job-worker-count
8
-gc-helper-count
1
-name
AssetImport
Successfully changed project path to: C:/Users/User/Documents/Projet Semstriel 1/REBOOT 01 2026/Projet Github/Cellule/ProjetCellule
C:/Users/User/Documents/Projet Semstriel 1/REBOOT 01 2026/Projet Github/Cellule/ProjetCellule
[UnityMemory] Configuration Parameters - Can be set up in boot.config
    "memorysetup-bucket-allocator-granularity=16"
    "memorysetup-bucket-allocator-bucket-count=8"
    "memorysetup-bucket-allocator-block-size=33554432"
    "memorysetup-bucket-allocator-block-count=8"
    "memorysetup-main-allocator-block-size=16777216"
    "memorysetup-thread-allocator-block-size=16777216"
    "memorysetup-gfx-main-allocator-block-size=16777216"
    "memorysetup-gfx-thread-allocator-block-size=16777216"
    "memorysetup-cache-allocator-block-size=4194304"
    "memorysetup-typetree-allocator-block-size=2097152"
    "memorysetup-profiler-bucket-allocator-granularity=16"
    "memorysetup-profiler-bucket-allocator-bucket-count=8"
    "memorysetup-profiler-bucket-allocator-block-size=33554432"
    "memorysetup-profiler-bucket-allocator-block-count=8"
    "memorysetup-profiler-allocator-block-size=16777216"
    "memorysetup-profiler-editor-allocator-block-size=1048576"
    "memorysetup-temp-allocator-size-main=16777216"
    "memorysetup-job-temp-allocator-block-size=2097152"
    "memorysetup-job-temp-allocator-block-size-background=1048576"
    "memorysetup-job-temp-allocator-reduction-small-platforms=262144"
    "memorysetup-allocator-temp-initial-block-size-main=262144"
    "memorysetup-allocator-temp-initial-block-size-worker=262144"
    "memorysetup-temp-allocator-size-background-worker=32768"
    "memorysetup-temp-allocator-size-job-worker=262144"
    "memorysetup-temp-allocator-size-preload-manager=33554432"
    "memorysetup-temp-allocator-size-nav-mesh-worker=65536"
    "memorysetup-temp-allocator-size-audio-worker=65536"
    "memorysetup-temp-allocator-size-cloud-worker=32768"
    "memorysetup-temp-allocator-size-gi-baking-worker=262144"
    "memorysetup-temp-allocator-size-gi-baking-worker=262144"
    "memorysetup-temp-allocator-size-gi-baking-worker=262144"
    "memorysetup-temp-allocator-size-gi-baking-worker=262144"
    "memorysetup-temp-allocator-size-gi-baking-worker=262144"
    "memorysetup-temp-allocator-size-gfx=262144"
Player connection [14296]  Target information:

Player connection [14296]  * "[IP] 192.168.1.23 [Port] 0 [Flags] 2 [Guid] 1228912456 [EditorId] 1228912456 [Version] 1048832 [Id] WindowsEditor(7,DESKTOP-Q5MD7J7) [Debug] 1 [PackageName] WindowsEditor [ProjectName] Editor" 

Player connection [14296] Host joined multi-casting on [225.0.0.222:54997]...
Player connection [14296] Host joined alternative multi-casting on [225.0.0.222:34997]...
JobSystem: Creating JobQueue using job-worker-count value 5
Input System module state changed to: Initialized.
[Physics::Module] Initialized fallback backend.
[Physics::Module] Id: 0xdecafbad
Library Redirect Path: Library/
[Physics::Module] Selected backend.
[Physics::Module] Name: PhysX
[Physics::Module] Id: 0xf2b8ea05
[Physics::Module] SDK Version: 4.1.2
[Physics::Module] Integration Version: 1.0.0
[Physics::Module] Threading Mode: Multi-Threaded
Refreshing native plugins compatible for Editor in 1.16 ms, found 3 plugins.
Preloading 0 native plugins for Editor in 0.00 ms.
Initialize engine version: 6000.0.59f2 (ef281c76c3c1)
[Subsystems] Discovering subsystems at path C:/Program Files/Unity/Hub/Editor/6000.0.59f2/Editor/Data/Resources/UnitySubsystems
[Subsystems] Discovering subsystems at path C:/Users/User/Documents/Projet Semstriel 1/REBOOT 01 2026/Projet Github/Cellule/ProjetCellule/Assets
GfxDevice: creating device client; kGfxThreadingModeNonThreaded
Direct3D:
    Version:  Direct3D 11.0 [level 11.1]
    Renderer: Intel(R) UHD Graphics (ID=0xa7a8)
    Vendor:   Intel
    VRAM:     12149 MB
    Driver:   32.0.101.6129
Initialize mono
Mono path[0] = 'C:/Program Files/Unity/Hub/Editor/6000.0.59f2/Editor/Data/Managed'
Mono path[1] = 'C:/Program Files/Unity/Hub/Editor/6000.0.59f2/Editor/Data/MonoBleedingEdge/lib/mono/unityjit-win32'
Mono config path = 'C:/Program Files/Unity/Hub/Editor/6000.0.59f2/Editor/Data/MonoBleedingEdge/etc'
Using monoOptions --debugger-agent=transport=dt_socket,embedding=1,server=y,suspend=n,address=127.0.0.1:56200
Begin MonoManager ReloadAssembly
Registering precompiled unity dll's ...
Register platform support module: C:/Program Files/Unity/Hub/Editor/6000.0.59f2/Editor/Data/PlaybackEngines/WindowsStandaloneSupport/UnityEditor.WindowsStandalone.Extensions.dll
Registered in 0.001708 seconds.
- Loaded All Assemblies, in  0.301 seconds
Native extension for WindowsStandalone target not found
Mono: successfully reloaded assembly
- Finished resetting the current domain, in  0.278 seconds
Domain Reload Profiling: 578ms
	BeginReloadAssembly (100ms)
		ExecutionOrderSort (0ms)
		DisableScriptedObjects (0ms)
		BackupInstance (0ms)
		ReleaseScriptingObjects (0ms)
		CreateAndSetChildDomain (1ms)
	RebuildCommonClasses (27ms)
	RebuildNativeTypeToScriptingClass (9ms)
	initialDomainReloadingComplete (36ms)
	LoadAllAssembliesAndSetupDomain (129ms)
		LoadAssemblies (98ms)
		RebuildTransferFunctionScriptingTraits (0ms)
		AnalyzeDomain (127ms)
			TypeCache.Refresh (125ms)
				TypeCache.ScanAssembly (115ms)
			BuildScriptInfoCaches (0ms)
			ResolveRequiredComponents (0ms)
	FinalizeReload (278ms)
		ReleaseScriptCaches (0ms)
		RebuildScriptCaches (0ms)
		SetupLoadedEditorAssemblies (248ms)
			LogAssemblyErrors (0ms)
			InitializePlatformSupportModulesInManaged (17ms)
			SetLoadedEditorAssemblies (3ms)
			BeforeProcessingInitializeOnLoad (57ms)
			ProcessInitializeOnLoadAttributes (134ms)
			ProcessInitializeOnLoadMethodAttributes (36ms)
			AfterProcessingInitializeOnLoad (0ms)
			EditorAssembliesLoaded (0ms)
		ExecutionOrderSort2 (0ms)
		AwakeInstancesAfterBackupRestoration (0ms)
========================================================================
Worker process is ready to serve import requests
Import Worker Mode flag is 0x00
Begin MonoManager ReloadAssembly
- Loaded All Assemblies, in  0.579 seconds
Refreshing native plugins compatible for Editor in 0.65 ms, found 3 plugins.
Native extension for WindowsStandalone target not found
Package Manager log level set to [2]
[Package Manager] Failed to launch server process. Reason: Unity was launched with the -noUpm command-line argument
[Package Manager] Unable to send message (not connected to server process).
[Package Manager] Cannot connect to Unity Package Manager local server
Mono: successfully reloaded assembly
- Finished resetting the current domain, in  0.534 seconds
Domain Reload Profiling: 1111ms
	BeginReloadAssembly (136ms)
		ExecutionOrderSort (0ms)
		DisableScriptedObjects (5ms)
		BackupInstance (0ms)
		ReleaseScriptingObjects (0ms)
		CreateAndSetChildDomain (20ms)
	RebuildCommonClasses (26ms)
	RebuildNativeTypeToScriptingClass (9ms)
	initialDomainReloadingComplete (29ms)
	LoadAllAssembliesAndSetupDomain (377ms)
		LoadAssemblies (287ms)
		RebuildTransferFunctionScriptingTraits (0ms)
		AnalyzeDomain (170ms)
			TypeCache.Refresh (131ms)
				TypeCache.ScanAssembly (115ms)
			BuildScriptInfoCaches (33ms)
			ResolveRequiredComponents (4ms)
	FinalizeReload (535ms)
		ReleaseScriptCaches (0ms)
		RebuildScriptCaches (0ms)
		SetupLoadedEditorAssemblies (426ms)
			LogAssemblyErrors (0ms)
			InitializePlatformSupportModulesInManaged (2ms)
			SetLoadedEditorAssemblies (3ms)
			BeforeProcessingInitializeOnLoad (100ms)
			ProcessInitializeOnLoadAttributes (300ms)
			ProcessInitializeOnLoadMethodAttributes (19ms)
			AfterProcessingInitializeOnLoad (3ms)
			EditorAssembliesLoaded (0ms)
		ExecutionOrderSort2 (0ms)
		AwakeInstancesAfterBackupRestoration (4ms)
Launched and connected shader compiler UnityShaderCompiler.exe after 0.02 seconds
Refreshing native plugins compatible for Editor in 0.73 ms, found 3 plugins.
Preloading 0 native plugins for Editor in 0.00 ms.
Unloading 0 Unused Serialized files (Serialized files now loaded: 0)
Unloading 3890 unused Assets / (0.8 MB). Loaded Objects now: 4393.
Memory consumption went from 84.0 MB to 83.2 MB.
Total: 8.393300 ms (FindLiveObjects: 0.750200 ms CreateObjectMapping: 0.554400 ms MarkObjects: 5.588300 ms  DeleteObjects: 1.497500 ms)

========================================================================
Received Import Request.
  Time since last request: 553533.265188 seconds.
  path: Assets/Script/CultureManager.cs
  artifactKey: Guid(e482f47d1730f20438c86d7f6f485e1f) Importer(2089858483,192608db42251d675da83286b1cce702)
Start importing Assets/Script/CultureManager.cs using Guid(e482f47d1730f20438c86d7f6f485e1f) Importer(2089858483,192608db42251d675da83286b1cce702) (ScriptedImporter) -> (artifact id: 'd20b6f55bbf9062ca5e2dbed45950434') in 0.0914724 seconds
Number of updated asset objects reloaded before import = 0Number of asset objects unloaded after import = 0

========================================================================
Received Import Request.
  Time since last request: 0.000027 seconds.
  path: Assets/Son/Division sound.wav
  artifactKey: Guid(c963c9c2103f32b489290ff4175a4e04) Importer(2089858483,192608db42251d675da83286b1cce702)
Start importing Assets/Son/Division sound.wav using Guid(c963c9c2103f32b489290ff4175a4e04) Importer(2089858483,192608db42251d675da83286b1cce702) (ScriptedImporter) -> (artifact id: '270be9d1ae2f184d19423f8f024d2259') in 0.0587311 seconds
Number of updated asset objects reloaded before import = 0Number of asset objects unloaded after import = 1

========================================================================
Received Import Request.
  Time since last request: 0.000089 seconds.
  path: Assets/Script/AutoDestroyParticle.cs
  artifactKey: Guid(943bb0719d7a8f44d9fa95d97c7ca6c9) Importer(2089858483,192608db42251d675da83286b1cce702)
Start importing Assets/Script/AutoDestroyParticle.cs using Guid(943bb0719d7a8f44d9fa95d97c7ca6c9) Importer(2089858483,192608db42251d675da83286b1cce702) (ScriptedImporter) -> (artifact id: '2976dd08bed2a3a28be845edc20b47f3') in 0.0281817 seconds
Number of updated asset objects reloaded before import = 0Number of asset objects unloaded after import = 0

========================================================================
Received Import Request.
  Time since last request: 0.000217 seconds.
  path: Assets/Script/MIC_Division.cs
  artifactKey: Guid(1954e971e0f84a04cb0a5ac9e2337b6f) Importer(2089858483,192608db42251d675da83286b1cce702)
Start importing Assets/Script/MIC_Division.cs using Guid(1954e971e0f84a04cb0a5ac9e2337b6f) Importer(2089858483,192608db42251d675da83286b1cce702) (ScriptedImporter) -> (artifact id: '46c99a628b627ce59702a3e55997f699') in 0.0378838 seconds
Number of updated asset objects reloaded before import = 0Number of asset objects unloaded after import = 0

========================================================================
Received Import Request.
  Time since last request: 0.000460 seconds.
  path: Assets/Son/Reset sound.wav
  artifactKey: Guid(78322872affc72a4fba8dd885f898110) Importer(2089858483,192608db42251d675da83286b1cce702)
Start importing Assets/Son/Reset sound.wav using Guid(78322872affc72a4fba8dd885f898110) Importer(2089858483,192608db42251d675da83286b1cce702) (ScriptedImporter) -> (artifact id: '73b3e0d6cad4d5a198994503bf4e376c') in 0.0585191 seconds
Number of updated asset objects reloaded before import = 0Number of asset objects unloaded after import = 1

========================================================================
Received Prepare
Refreshing native plugins compatible for Editor in 0.72 ms, found 3 plugins.
Preloading 0 native plugins for Editor in 0.00 ms.
Unloading 0 Unused Serialized files (Serialized files now loaded: 0)
Unloading 3882 unused Assets / (0.9 MB). Loaded Objects now: 4396.
Memory consumption went from 83.6 MB to 82.7 MB.
Total: 6.841500 ms (FindLiveObjects: 0.760800 ms CreateObjectMapping: 0.174300 ms MarkObjects: 4.475100 ms  DeleteObjects: 1.430000 ms)

Prepare: number of updated asset objects reloaded= 0
========================================================================
Received Import Request.
  Time since last request: 13.669608 seconds.
  path: Assets/Script/KillZone.cs
  artifactKey: Guid(935a6b3ebdf5b2b4fac19a224856d0c8) Importer(2089858483,192608db42251d675da83286b1cce702)
Start importing Assets/Script/KillZone.cs using Guid(935a6b3ebdf5b2b4fac19a224856d0c8) Importer(2089858483,192608db42251d675da83286b1cce702) (ScriptedImporter) -> (artifact id: 'b5464c0fb9380e3959280995a8acdd75') in 0.023611 seconds
Number of updated asset objects reloaded before import = 0Number of asset objects unloaded after import = 0

========================================================================
Received Prepare
Refreshing native plugins compatible for Editor in 6.65 ms, found 3 plugins.
Preloading 0 native plugins for Editor in 0.00 ms.
Unloading 0 Unused Serialized files (Serialized files now loaded: 0)
Unloading 3882 unused Assets / (481.6 KB). Loaded Objects now: 4396.
Memory consumption went from 83.6 MB to 83.1 MB.
Total: 16.421100 ms (FindLiveObjects: 1.053400 ms CreateObjectMapping: 0.817800 ms MarkObjects: 11.477800 ms  DeleteObjects: 3.069700 ms)

Prepare: number of updated asset objects reloaded= 0
========================================================================
Received Import Request.
  Time since last request: 18.033329 seconds.
  path: Assets/Script/KillZone.cs
  artifactKey: Guid(935a6b3ebdf5b2b4fac19a224856d0c8) Importer(815301076,1909f56bfc062723c751e8b465ee728b)
Start importing Assets/Script/KillZone.cs using Guid(935a6b3ebdf5b2b4fac19a224856d0c8) Importer(815301076,1909f56bfc062723c751e8b465ee728b) (PreviewImporter) -> (artifact id: 'e74f014766c86a0b9e53732bdf895eaf') in 0.0049878 seconds
Number of updated asset objects reloaded before import = 0Number of asset objects unloaded after import = 0

========================================================================
Received Import Request.
  Time since last request: 0.495194 seconds.
  path: Assets/Script/KillZone.cs
  artifactKey: Guid(935a6b3ebdf5b2b4fac19a224856d0c8) Importer(2089858483,192608db42251d675da83286b1cce702)
Start importing Assets/Script/KillZone.cs using Guid(935a6b3ebdf5b2b4fac19a224856d0c8) Importer(2089858483,192608db42251d675da83286b1cce702) (ScriptedImporter) -> (artifact id: 'b95e2211d9d1df2f328e87a0ca4fbbd4') in 0.0266223 seconds
Number of updated asset objects reloaded before import = 0Number of asset objects unloaded after import = 0

========================================================================
Received Prepare
Begin MonoManager ReloadAssembly
- Loaded All Assemblies, in  0.596 seconds
Refreshing native plugins compatible for Editor in 1.48 ms, found 3 plugins.
Native extension for WindowsStandalone target not found
[Package Manager] Failed to launch server process. Reason: Unity was launched with the -noUpm command-line argument
[Package Manager] Unable to send message (not connected to server process).
[Package Manager] Cannot connect to Unity Package Manager local server
Mono: successfully reloaded assembly
- Finished resetting the current domain, in  0.619 seconds
Domain Reload Profiling: 1217ms
	BeginReloadAssembly (197ms)
		ExecutionOrderSort (0ms)
		DisableScriptedObjects (5ms)
		BackupInstance (0ms)
		ReleaseScriptingObjects (0ms)
		CreateAndSetChildDomain (47ms)
	RebuildCommonClasses (33ms)
	RebuildNativeTypeToScriptingClass (9ms)
	initialDomainReloadingComplete (27ms)
	LoadAllAssembliesAndSetupDomain (332ms)
		LoadAssemblies (291ms)
		RebuildTransferFunctionScriptingTraits (0ms)
		AnalyzeDomain (136ms)
			TypeCache.Refresh (13ms)
				TypeCache.ScanAssembly (1ms)
			BuildScriptInfoCaches (116ms)
			ResolveRequiredComponents (3ms)
	FinalizeReload (619ms)
		ReleaseScriptCaches (0ms)
		RebuildScriptCaches (0ms)
		SetupLoadedEditorAssemblies (496ms)
			LogAssemblyErrors (0ms)
			InitializePlatformSupportModulesInManaged (4ms)
			SetLoadedEditorAssemblies (5ms)
			BeforeProcessingInitializeOnLoad (119ms)
			ProcessInitializeOnLoadAttributes (340ms)
			ProcessInitializeOnLoadMethodAttributes (25ms)
			AfterProcessingInitializeOnLoad (4ms)
			EditorAssembliesLoaded (0ms)
		ExecutionOrderSort2 (0ms)
		AwakeInstancesAfterBackupRestoration (5ms)
Refreshing native plugins compatible for Editor in 0.93 ms, found 3 plugins.
Preloading 0 native plugins for Editor in 0.00 ms.
Unloading 0 Unused Serialized files (Serialized files now loaded: 0)
Unloading 3889 unused Assets / (0.7 MB). Loaded Objects now: 4398.
Memory consumption went from 85.0 MB to 84.3 MB.
Total: 5.982800 ms (FindLiveObjects: 0.403400 ms CreateObjectMapping: 0.194600 ms MarkObjects: 4.252000 ms  DeleteObjects: 1.131100 ms)

Prepare: number of updated asset objects reloaded= 0
========================================================================
Received Prepare
Begin MonoManager ReloadAssembly
- Loaded All Assemblies, in  0.491 seconds
Refreshing native plugins compatible for Editor in 0.63 ms, found 3 plugins.
Native extension for WindowsStandalone target not found
[Package Manager] Failed to launch server process. Reason: Unity was launched with the -noUpm command-line argument
[Package Manager] Unable to send message (not connected to server process).
[Package Manager] Cannot connect to Unity Package Manager local server
Mono: successfully reloaded assembly
- Finished resetting the current domain, in  0.846 seconds
Domain Reload Profiling: 1337ms
	BeginReloadAssembly (161ms)
		ExecutionOrderSort (0ms)
		DisableScriptedObjects (4ms)
		BackupInstance (0ms)
		ReleaseScriptingObjects (0ms)
		CreateAndSetChildDomain (39ms)
	RebuildCommonClasses (27ms)
	RebuildNativeTypeToScriptingClass (8ms)
	initialDomainReloadingComplete (21ms)
	LoadAllAssembliesAndSetupDomain (273ms)
		LoadAssemblies (230ms)
		RebuildTransferFunctionScriptingTraits (0ms)
		AnalyzeDomain (122ms)
			TypeCache.Refresh (6ms)
				TypeCache.ScanAssembly (0ms)
			BuildScriptInfoCaches (106ms)
			ResolveRequiredComponents (4ms)
	FinalizeReload (847ms)
		ReleaseScriptCaches (0ms)
		RebuildScriptCaches (0ms)
		SetupLoadedEditorAssemblies (705ms)
			LogAssemblyErrors (0ms)
			InitializePlatformSupportModulesInManaged (5ms)
			SetLoadedEditorAssemblies (7ms)
			BeforeProcessingInitializeOnLoad (151ms)
			ProcessInitializeOnLoadAttributes (490ms)
			ProcessInitializeOnLoadMethodAttributes (45ms)
			AfterProcessingInitializeOnLoad (8ms)
			EditorAssembliesLoaded (0ms)
		ExecutionOrderSort2 (0ms)
		AwakeInstancesAfterBackupRestoration (9ms)
Refreshing native plugins compatible for Editor in 1.40 ms, found 3 plugins.
Preloading 0 native plugins for Editor in 0.00 ms.
Unloading 0 Unused Serialized files (Serialized files now loaded: 0)
Unloading 3889 unused Assets / (1.0 MB). Loaded Objects now: 4399.
Memory consumption went from 85.0 MB to 84.0 MB.
Total: 10.214200 ms (FindLiveObjects: 1.288300 ms CreateObjectMapping: 0.417700 ms MarkObjects: 6.543200 ms  DeleteObjects: 1.961000 ms)

Prepare: number of updated asset objects reloaded= 0
========================================================================
Received Prepare
Begin MonoManager ReloadAssembly
- Loaded All Assemblies, in  0.548 seconds
Refreshing native plugins compatible for Editor in 2.76 ms, found 3 plugins.
Native extension for WindowsStandalone target not found
[Package Manager] Failed to launch server process. Reason: Unity was launched with the -noUpm command-line argument
[Package Manager] Unable to send message (not connected to server process).
[Package Manager] Cannot connect to Unity Package Manager local server
Mono: successfully reloaded assembly
- Finished resetting the current domain, in  1.012 seconds
Domain Reload Profiling: 1567ms
	BeginReloadAssembly (163ms)
		ExecutionOrderSort (0ms)
		DisableScriptedObjects (5ms)
		BackupInstance (0ms)
		ReleaseScriptingObjects (0ms)
		CreateAndSetChildDomain (37ms)
	RebuildCommonClasses (26ms)
	RebuildNativeTypeToScriptingClass (9ms)
	initialDomainReloadingComplete (21ms)
	LoadAllAssembliesAndSetupDomain (335ms)
		LoadAssemblies (261ms)
		RebuildTransferFunctionScriptingTraits (0ms)
		AnalyzeDomain (149ms)
			TypeCache.Refresh (7ms)
				TypeCache.ScanAssembly (0ms)
			BuildScriptInfoCaches (124ms)
			ResolveRequiredComponents (10ms)
	FinalizeReload (1013ms)
		ReleaseScriptCaches (0ms)
		RebuildScriptCaches (0ms)
		SetupLoadedEditorAssemblies (778ms)
			LogAssemblyErrors (0ms)
			InitializePlatformSupportModulesInManaged (4ms)
			SetLoadedEditorAssemblies (6ms)
			BeforeProcessingInitializeOnLoad (223ms)
			ProcessInitializeOnLoadAttributes (519ms)
			ProcessInitializeOnLoadMethodAttributes (19ms)
			AfterProcessingInitializeOnLoad (6ms)
			EditorAssembliesLoaded (0ms)
		ExecutionOrderSort2 (0ms)
		AwakeInstancesAfterBackupRestoration (9ms)
Refreshing native plugins compatible for Editor in 1.76 ms, found 3 plugins.
Preloading 0 native plugins for Editor in 0.00 ms.
Unloading 0 Unused Serialized files (Serialized files now loaded: 0)
Unloading 3889 unused Assets / (1.0 MB). Loaded Objects now: 4400.
Memory consumption went from 85.0 MB to 84.0 MB.
Total: 12.134000 ms (FindLiveObjects: 0.871200 ms CreateObjectMapping: 0.604900 ms MarkObjects: 6.756700 ms  DeleteObjects: 3.892600 ms)

Prepare: number of updated asset objects reloaded= 0
========================================================================
Received Prepare
Begin MonoManager ReloadAssembly
- Loaded All Assemblies, in  0.518 seconds
Refreshing native plugins compatible for Editor in 1.18 ms, found 3 plugins.
Native extension for WindowsStandalone target not found
[Package Manager] Failed to launch server process. Reason: Unity was launched with the -noUpm command-line argument
[Package Manager] Unable to send message (not connected to server process).
[Package Manager] Cannot connect to Unity Package Manager local server
Mono: successfully reloaded assembly
- Finished resetting the current domain, in  1.073 seconds
Domain Reload Profiling: 1598ms
	BeginReloadAssembly (161ms)
		ExecutionOrderSort (0ms)
		DisableScriptedObjects (6ms)
		BackupInstance (0ms)
		ReleaseScriptingObjects (0ms)
		CreateAndSetChildDomain (34ms)
	RebuildCommonClasses (28ms)
	RebuildNativeTypeToScriptingClass (9ms)
	initialDomainReloadingComplete (18ms)
	LoadAllAssembliesAndSetupDomain (307ms)
		LoadAssemblies (238ms)
		RebuildTransferFunctionScriptingTraits (0ms)
		AnalyzeDomain (140ms)
			TypeCache.Refresh (6ms)
				TypeCache.ScanAssembly (0ms)
			BuildScriptInfoCaches (122ms)
			ResolveRequiredComponents (8ms)
	FinalizeReload (1075ms)
		ReleaseScriptCaches (0ms)
		RebuildScriptCaches (0ms)
		SetupLoadedEditorAssemblies (819ms)
			LogAssemblyErrors (0ms)
			InitializePlatformSupportModulesInManaged (6ms)
			SetLoadedEditorAssemblies (6ms)
			BeforeProcessingInitializeOnLoad (228ms)
			ProcessInitializeOnLoadAttributes (522ms)
			ProcessInitializeOnLoadMethodAttributes (49ms)
			AfterProcessingInitializeOnLoad (8ms)
			EditorAssembliesLoaded (1ms)
		ExecutionOrderSort2 (0ms)
		AwakeInstancesAfterBackupRestoration (8ms)
Refreshing native plugins compatible for Editor in 2.45 ms, found 3 plugins.
Preloading 0 native plugins for Editor in 0.00 ms.
Unloading 0 Unused Serialized files (Serialized files now loaded: 0)
Unloading 3889 unused Assets / (1.0 MB). Loaded Objects now: 4401.
Memory consumption went from 85.0 MB to 84.0 MB.
Total: 14.988600 ms (FindLiveObjects: 0.965700 ms CreateObjectMapping: 0.785500 ms MarkObjects: 10.534600 ms  DeleteObjects: 2.697900 ms)

Prepare: number of updated asset objects reloaded= 0
========================================================================
Received Import Request.
  Time since last request: 2218.864948 seconds.
  path: Assets/Modèle/Plasmide.fbx
  artifactKey: Guid(500f1ce8490c2d04284261bcacef7af7) Importer(815301076,1909f56bfc062723c751e8b465ee728b)
Start importing Assets/Modèle/Plasmide.fbx using Guid(500f1ce8490c2d04284261bcacef7af7) Importer(815301076,1909f56bfc062723c751e8b465ee728b) (PreviewImporter) -> (artifact id: '9424099c9a2104f9a85b51d2d8b5e0c2') in 0.1637607 seconds
Number of updated asset objects reloaded before import = 0Number of asset objects unloaded after import = 7

========================================================================
Received Import Request.
  Time since last request: 15.240195 seconds.
  path: Assets/Préfab/Cellule sans mutation.prefab
  artifactKey: Guid(40a100ea6db273140b42d599991abaaa) Importer(815301076,1909f56bfc062723c751e8b465ee728b)
Start importing Assets/Préfab/Cellule sans mutation.prefab using Guid(40a100ea6db273140b42d599991abaaa) Importer(815301076,1909f56bfc062723c751e8b465ee728b) (PreviewImporter) -> (artifact id: 'f32dddda03fd647e9856f4b283b16f4a') in 0.0374761 seconds
Number of updated asset objects reloaded before import = 0Number of asset objects unloaded after import = 28

========================================================================
Received Import Request.
  Time since last request: 15.416311 seconds.
  path: Assets/Scenes/Proto mutation.unity
  artifactKey: Guid(9fc0d4010bbf28b4594072e72b8655ab) Importer(815301076,1909f56bfc062723c751e8b465ee728b)
Start importing Assets/Scenes/Proto mutation.unity using Guid(9fc0d4010bbf28b4594072e72b8655ab) Importer(815301076,1909f56bfc062723c751e8b465ee728b) (PreviewImporter) -> (artifact id: 'dc0c6b858537c9ca7477a869c3ffd166') in 0.0005157 seconds
Number of updated asset objects reloaded before import = 0Number of asset objects unloaded after import = 0

========================================================================
Received Import Request.
  Time since last request: 32.817638 seconds.
  path: Assets/Préfab/Plasmide.prefab
  artifactKey: Guid(b029954c690a3e04f8dbc97cb3274986) Importer(815301076,1909f56bfc062723c751e8b465ee728b)
Start importing Assets/Préfab/Plasmide.prefab using Guid(b029954c690a3e04f8dbc97cb3274986) Importer(815301076,1909f56bfc062723c751e8b465ee728b) (PreviewImporter) -> (artifact id: '3ebff478fa561dc407525feccce5b6e5') in 0.025874 seconds
Number of updated asset objects reloaded before import = 0Number of asset objects unloaded after import = 14

========================================================================
Received Import Request.
  Time since last request: 245.896807 seconds.
  path: Assets/Préfab/Cellule sans mutation 1.prefab
  artifactKey: Guid(e6c58c7b412430545aeb03619db7addd) Importer(815301076,1909f56bfc062723c751e8b465ee728b)
Start importing Assets/Préfab/Cellule sans mutation 1.prefab using Guid(e6c58c7b412430545aeb03619db7addd) Importer(815301076,1909f56bfc062723c751e8b465ee728b) (PreviewImporter) -> (artifact id: '8e11532c9f8460c8304872bdad4cfa97') in 0.0106957 seconds
Number of updated asset objects reloaded before import = 0Number of asset objects unloaded after import = 28

========================================================================
Received Import Request.
  Time since last request: 16.105346 seconds.
  path: Assets/Préfab/Cellule Avec Plasmide.prefab
  artifactKey: Guid(e6c58c7b412430545aeb03619db7addd) Importer(815301076,1909f56bfc062723c751e8b465ee728b)
Start importing Assets/Préfab/Cellule Avec Plasmide.prefab using Guid(e6c58c7b412430545aeb03619db7addd) Importer(815301076,1909f56bfc062723c751e8b465ee728b) (PreviewImporter) -> (artifact id: 'c562e1053d9077fc9748eb2891c0b475') in 0.009066 seconds
Number of updated asset objects reloaded before import = 0Number of asset objects unloaded after import = 28

========================================================================
Received Import Request.
  Time since last request: 61.826040 seconds.
  path: Assets/Préfab/Cellule Avec Plasmide.prefab
  artifactKey: Guid(e6c58c7b412430545aeb03619db7addd) Importer(815301076,1909f56bfc062723c751e8b465ee728b)
Start importing Assets/Préfab/Cellule Avec Plasmide.prefab using Guid(e6c58c7b412430545aeb03619db7addd) Importer(815301076,1909f56bfc062723c751e8b465ee728b) (PreviewImporter) -> (artifact id: '844c4d7d1a412686b454451a03d21545') in 0.0482829 seconds
Number of updated asset objects reloaded before import = 0Number of asset objects unloaded after import = 85

========================================================================
Received Import Request.
  Time since last request: 73.498402 seconds.
  path: Assets/Material/MAT_Cellules/MAT_Cellule.mat
  artifactKey: Guid(5c3a248b05235a944b4f8260dc7a1bd4) Importer(815301076,1909f56bfc062723c751e8b465ee728b)
Start importing Assets/Material/MAT_Cellules/MAT_Cellule.mat using Guid(5c3a248b05235a944b4f8260dc7a1bd4) Importer(815301076,1909f56bfc062723c751e8b465ee728b) (PreviewImporter) -> (artifact id: '3290fb83c1f2839935b7fa79ef13ab60') in 0.0627399 seconds
Number of updated asset objects reloaded before import = 0Number of asset objects unloaded after import = 1

========================================================================
Received Import Request.
  Time since last request: 63.300376 seconds.
  path: Assets/Scenes/Proto mutation 1.unity
  artifactKey: Guid(74375a9d153f03e4cb2a5897ffde09a6) Importer(815301076,1909f56bfc062723c751e8b465ee728b)
Start importing Assets/Scenes/Proto mutation 1.unity using Guid(74375a9d153f03e4cb2a5897ffde09a6) Importer(815301076,1909f56bfc062723c751e8b465ee728b) (PreviewImporter) -> (artifact id: '0bf949d0af158f814758e2542f161c88') in 0.0007077 seconds
Number of updated asset objects reloaded before import = 0Number of asset objects unloaded after import = 0

========================================================================
Received Import Request.
  Time since last request: 6.850520 seconds.
  path: Assets/Scenes/Proto mutation.unity
  artifactKey: Guid(9fc0d4010bbf28b4594072e72b8655ab) Importer(2089858483,192608db42251d675da83286b1cce702)
Start importing Assets/Scenes/Proto mutation.unity using Guid(9fc0d4010bbf28b4594072e72b8655ab) Importer(2089858483,192608db42251d675da83286b1cce702) (ScriptedImporter) -> (artifact id: '84e2ca381dec1f4429f6ee5666bdda6d') in 0.0829009 seconds
Number of updated asset objects reloaded before import = 0Number of asset objects unloaded after import = 1

========================================================================
Received Import Request.
  Time since last request: 0.000018 seconds.
  path: Assets/Scenes/Proto mutation 1.unity
  artifactKey: Guid(74375a9d153f03e4cb2a5897ffde09a6) Importer(2089858483,192608db42251d675da83286b1cce702)
Start importing Assets/Scenes/Proto mutation 1.unity using Guid(74375a9d153f03e4cb2a5897ffde09a6) Importer(2089858483,192608db42251d675da83286b1cce702) (ScriptedImporter) -> (artifact id: '01de70917041814d49c5f5040b95e23d') in 0.0249665 seconds
Number of updated asset objects reloaded before import = 0Number of asset objects unloaded after import = 1

========================================================================
Received Import Request.
  Time since last request: 0.000225 seconds.
  path: Assets/Préfab/Plasmide.prefab
  artifactKey: Guid(b029954c690a3e04f8dbc97cb3274986) Importer(2089858483,192608db42251d675da83286b1cce702)
Start importing Assets/Préfab/Plasmide.prefab using Guid(b029954c690a3e04f8dbc97cb3274986) Importer(2089858483,192608db42251d675da83286b1cce702) (ScriptedImporter) -> (artifact id: 'dcfde682289f91fb6d1ba042f21ca94d') in 0.075199 seconds
Number of updated asset objects reloaded before import = 0Number of asset objects unloaded after import = 33

========================================================================
Received Import Request.
  Time since last request: 0.000109 seconds.
  path: Assets/Material/MAT_Cellules/MAT_Cellule.mat
  artifactKey: Guid(5c3a248b05235a944b4f8260dc7a1bd4) Importer(2089858483,192608db42251d675da83286b1cce702)
Start importing Assets/Material/MAT_Cellules/MAT_Cellule.mat using Guid(5c3a248b05235a944b4f8260dc7a1bd4) Importer(2089858483,192608db42251d675da83286b1cce702) (ScriptedImporter) -> (artifact id: 'b0ac9bd5862dd1f84f3bb366687d486f') in 0.0403456 seconds
Number of updated asset objects reloaded before import = 0Number of asset objects unloaded after import = 1

========================================================================
Received Import Request.
  Time since last request: 5.727561 seconds.
  path: Assets/Scenes/Zone Test.unity
  artifactKey: Guid(74375a9d153f03e4cb2a5897ffde09a6) Importer(815301076,1909f56bfc062723c751e8b465ee728b)
Start importing Assets/Scenes/Zone Test.unity using Guid(74375a9d153f03e4cb2a5897ffde09a6) Importer(815301076,1909f56bfc062723c751e8b465ee728b) (PreviewImporter) -> (artifact id: '75e1283a4db553d7f48ec4432461d381') in 0.0005197 seconds
Number of updated asset objects reloaded before import = 0Number of asset objects unloaded after import = 0

========================================================================
Received Import Request.
  Time since last request: 0.961081 seconds.
  path: Assets/Scenes/Zone Test.unity
  artifactKey: Guid(74375a9d153f03e4cb2a5897ffde09a6) Importer(2089858483,192608db42251d675da83286b1cce702)
Start importing Assets/Scenes/Zone Test.unity using Guid(74375a9d153f03e4cb2a5897ffde09a6) Importer(2089858483,192608db42251d675da83286b1cce702) (ScriptedImporter) -> (artifact id: 'b846408def824624425f87e857e75c12') in 0.0249128 seconds
Number of updated asset objects reloaded before import = 0Number of asset objects unloaded after import = 1

========================================================================
Received Import Request.
  Time since last request: 58.194236 seconds.
  path: Assets/Scenes/Zone Test.unity
  artifactKey: Guid(74375a9d153f03e4cb2a5897ffde09a6) Importer(2089858483,192608db42251d675da83286b1cce702)
Start importing Assets/Scenes/Zone Test.unity using Guid(74375a9d153f03e4cb2a5897ffde09a6) Importer(2089858483,192608db42251d675da83286b1cce702) (ScriptedImporter) -> (artifact id: '3116c5f547027a513f9f64c11e115643') in 0.0269604 seconds
Number of updated asset objects reloaded before import = 0Number of asset objects unloaded after import = 1

========================================================================
Received Prepare
Begin MonoManager ReloadAssembly
- Loaded All Assemblies, in  0.673 seconds
Refreshing native plugins compatible for Editor in 2.79 ms, found 3 plugins.
Native extension for WindowsStandalone target not found
[Package Manager] Failed to launch server process. Reason: Unity was launched with the -noUpm command-line argument
[Package Manager] Unable to send message (not connected to server process).
[Package Manager] Cannot connect to Unity Package Manager local server
Mono: successfully reloaded assembly
- Finished resetting the current domain, in  1.006 seconds
Domain Reload Profiling: 1686ms
	BeginReloadAssembly (184ms)
		ExecutionOrderSort (0ms)
		DisableScriptedObjects (4ms)
		BackupInstance (0ms)
		ReleaseScriptingObjects (0ms)
		CreateAndSetChildDomain (56ms)
	RebuildCommonClasses (32ms)
	RebuildNativeTypeToScriptingClass (11ms)
	initialDomainReloadingComplete (19ms)
	LoadAllAssembliesAndSetupDomain (434ms)
		LoadAssemblies (281ms)
		RebuildTransferFunctionScriptingTraits (0ms)
		AnalyzeDomain (230ms)
			TypeCache.Refresh (6ms)
				TypeCache.ScanAssembly (0ms)
			BuildScriptInfoCaches (212ms)
			ResolveRequiredComponents (6ms)
	FinalizeReload (1007ms)
		ReleaseScriptCaches (0ms)
		RebuildScriptCaches (0ms)
		SetupLoadedEditorAssemblies (770ms)
			LogAssemblyErrors (0ms)
			InitializePlatformSupportModulesInManaged (7ms)
			SetLoadedEditorAssemblies (8ms)
			BeforeProcessingInitializeOnLoad (159ms)
			ProcessInitializeOnLoadAttributes (537ms)
			ProcessInitializeOnLoadMethodAttributes (52ms)
			AfterProcessingInitializeOnLoad (6ms)
			EditorAssembliesLoaded (1ms)
		ExecutionOrderSort2 (0ms)
		AwakeInstancesAfterBackupRestoration (8ms)
Refreshing native plugins compatible for Editor in 1.25 ms, found 3 plugins.
Preloading 0 native plugins for Editor in 0.00 ms.
Unloading 0 Unused Serialized files (Serialized files now loaded: 0)
Unloading 3891 unused Assets / (1.0 MB). Loaded Objects now: 4449.
Memory consumption went from 89.9 MB to 88.9 MB.
Total: 9.884000 ms (FindLiveObjects: 0.440200 ms CreateObjectMapping: 0.229000 ms MarkObjects: 5.859000 ms  DeleteObjects: 3.352700 ms)

Prepare: number of updated asset objects reloaded= 0
========================================================================
Received Import Request.
  Time since last request: 47.537923 seconds.
  path: Assets/Material/MAT_Cellules/MAT_Cellule.mat
  artifactKey: Guid(5c3a248b05235a944b4f8260dc7a1bd4) Importer(2089858483,192608db42251d675da83286b1cce702)
Start importing Assets/Material/MAT_Cellules/MAT_Cellule.mat using Guid(5c3a248b05235a944b4f8260dc7a1bd4) Importer(2089858483,192608db42251d675da83286b1cce702) (ScriptedImporter) -> (artifact id: '0274142a2e8172f3fce6922905032093') in 0.0911011 seconds
Number of updated asset objects reloaded before import = 0Number of asset objects unloaded after import = 1

========================================================================
Received Import Request.
  Time since last request: 5.762308 seconds.
  path: Assets/Material/MAT_Cellules/Mat Transparence
  artifactKey: Guid(266ac3014cf15c149a682b7a72e73c6a) Importer(815301076,1909f56bfc062723c751e8b465ee728b)
Start importing Assets/Material/MAT_Cellules/Mat Transparence using Guid(266ac3014cf15c149a682b7a72e73c6a) Importer(815301076,1909f56bfc062723c751e8b465ee728b) (PreviewImporter) -> (artifact id: 'e5a1ab8908764c12d195e30b38f84c2a') in 0.0005664 seconds
Number of updated asset objects reloaded before import = 0Number of asset objects unloaded after import = 0

========================================================================
Received Import Request.
  Time since last request: 0.984371 seconds.
  path: Assets/Material/MAT_Cellules/Mat Transparence
  artifactKey: Guid(266ac3014cf15c149a682b7a72e73c6a) Importer(2089858483,192608db42251d675da83286b1cce702)
Start importing Assets/Material/MAT_Cellules/Mat Transparence using Guid(266ac3014cf15c149a682b7a72e73c6a) Importer(2089858483,192608db42251d675da83286b1cce702) (ScriptedImporter) -> (artifact id: 'aadcba517e58ffba938664efbb906be4') in 0.0266613 seconds
Number of updated asset objects reloaded before import = 0Number of asset objects unloaded after import = 1

========================================================================
Received Import Request.
  Time since last request: 5.396482 seconds.
  path: Assets/Material/MAT_Cellules/Mat Transparence/MAT_Cellule.mat
  artifactKey: Guid(310aa30eb9581c7478535bbd569d19f0) Importer(2089858483,192608db42251d675da83286b1cce702)
Start importing Assets/Material/MAT_Cellules/Mat Transparence/MAT_Cellule.mat using Guid(310aa30eb9581c7478535bbd569d19f0) Importer(2089858483,192608db42251d675da83286b1cce702) (ScriptedImporter) -> (artifact id: 'b19f94de572280f699499dc13a8019d4') in 0.0264868 seconds
Number of updated asset objects reloaded before import = 0Number of asset objects unloaded after import = 1

========================================================================
Received Import Request.
  Time since last request: 0.000165 seconds.
  path: Assets/Material/MAT_Cellules/Mat Transparence/MAT_Cellule 2.mat
  artifactKey: Guid(0624732b48a71fd43a68d9a4a60059ad) Importer(2089858483,192608db42251d675da83286b1cce702)
Start importing Assets/Material/MAT_Cellules/Mat Transparence/MAT_Cellule 2.mat using Guid(0624732b48a71fd43a68d9a4a60059ad) Importer(2089858483,192608db42251d675da83286b1cce702) (ScriptedImporter) -> (artifact id: '09f3333c5668662b87ffb3d3aceb48ba') in 0.0221023 seconds
Number of updated asset objects reloaded before import = 0Number of asset objects unloaded after import = 1

========================================================================
Received Import Request.
  Time since last request: 0.000111 seconds.
  path: Assets/Material/MAT_Cellules/Mat Transparence/MAT_Cellule 3.mat
  artifactKey: Guid(0b0a51ff1131d674fb74a288ff988173) Importer(2089858483,192608db42251d675da83286b1cce702)
Start importing Assets/Material/MAT_Cellules/Mat Transparence/MAT_Cellule 3.mat using Guid(0b0a51ff1131d674fb74a288ff988173) Importer(2089858483,192608db42251d675da83286b1cce702) (ScriptedImporter) -> (artifact id: 'a388d721f3f1767545fcdcd4874b0de7') in 0.0280635 seconds
Number of updated asset objects reloaded before import = 0Number of asset objects unloaded after import = 1

========================================================================
Received Import Request.
  Time since last request: 12.040870 seconds.
  path: Assets/Material/MAT_Cellules/Mat Transparence/MAT_TCellule.mat
  artifactKey: Guid(310aa30eb9581c7478535bbd569d19f0) Importer(2089858483,192608db42251d675da83286b1cce702)
Start importing Assets/Material/MAT_Cellules/Mat Transparence/MAT_TCellule.mat using Guid(310aa30eb9581c7478535bbd569d19f0) Importer(2089858483,192608db42251d675da83286b1cce702) (ScriptedImporter) -> (artifact id: '8921202323f384614270fe9b9fd4d340') in 0.0276348 seconds
Number of updated asset objects reloaded before import = 0Number of asset objects unloaded after import = 1

========================================================================
Received Import Request.
  Time since last request: 8.532247 seconds.
  path: Assets/Material/MAT_Cellules/Mat Transparence/MAT_TCellule 1.mat
  artifactKey: Guid(2da161b2c3c9e6645b231f9d978b5fdf) Importer(2089858483,192608db42251d675da83286b1cce702)
Start importing Assets/Material/MAT_Cellules/Mat Transparence/MAT_TCellule 1.mat using Guid(2da161b2c3c9e6645b231f9d978b5fdf) Importer(2089858483,192608db42251d675da83286b1cce702) (ScriptedImporter) -> (artifact id: '53192c6d1288fceb9a7df882c62923cf') in 0.037508 seconds
Number of updated asset objects reloaded before import = 0Number of asset objects unloaded after import = 1

========================================================================
Received Import Request.
  Time since last request: 6.136356 seconds.
  path: Assets/Material/MAT_Cellules/Mat Transparence/MAT_TCellule 2.mat
  artifactKey: Guid(0624732b48a71fd43a68d9a4a60059ad) Importer(2089858483,192608db42251d675da83286b1cce702)
Start importing Assets/Material/MAT_Cellules/Mat Transparence/MAT_TCellule 2.mat using Guid(0624732b48a71fd43a68d9a4a60059ad) Importer(2089858483,192608db42251d675da83286b1cce702) (ScriptedImporter) -> (artifact id: '17210f6866db79034ab6beef2e8c2e80') in 0.0291225 seconds
Number of updated asset objects reloaded before import = 0Number of asset objects unloaded after import = 1

========================================================================
Received Import Request.
  Time since last request: 8.670326 seconds.
  path: Assets/Material/MAT_Cellules/Mat Transparence/MAT_TCellule 3.mat
  artifactKey: Guid(0b0a51ff1131d674fb74a288ff988173) Importer(2089858483,192608db42251d675da83286b1cce702)
Start importing Assets/Material/MAT_Cellules/Mat Transparence/MAT_TCellule 3.mat using Guid(0b0a51ff1131d674fb74a288ff988173) Importer(2089858483,192608db42251d675da83286b1cce702) (ScriptedImporter) -> (artifact id: '613af22dfeddafb94c939b6ffbcef84d') in 0.0285383 seconds
Number of updated asset objects reloaded before import = 0Number of asset objects unloaded after import = 1

========================================================================
Received Import Request.
  Time since last request: 76.164866 seconds.
  path: Assets/Material/MAT_Cellules/Mat Transparence/MAT_TCellule.mat
  artifactKey: Guid(310aa30eb9581c7478535bbd569d19f0) Importer(2089858483,192608db42251d675da83286b1cce702)
Start importing Assets/Material/MAT_Cellules/Mat Transparence/MAT_TCellule.mat using Guid(310aa30eb9581c7478535bbd569d19f0) Importer(2089858483,192608db42251d675da83286b1cce702) (ScriptedImporter) -> (artifact id: '9532589a1cfe12515e4b6d5477a88c20') in 0.0353226 seconds
Number of updated asset objects reloaded before import = 0Number of asset objects unloaded after import = 1

========================================================================
Received Import Request.
  Time since last request: 0.000068 seconds.
  path: Assets/Material/MAT_Cellules/Mat Transparence/MAT_TCellule 2.mat
  artifactKey: Guid(0624732b48a71fd43a68d9a4a60059ad) Importer(2089858483,192608db42251d675da83286b1cce702)
Start importing Assets/Material/MAT_Cellules/Mat Transparence/MAT_TCellule 2.mat using Guid(0624732b48a71fd43a68d9a4a60059ad) Importer(2089858483,192608db42251d675da83286b1cce702) (ScriptedImporter) -> (artifact id: '228b3624dddee8e173a68ea66db65a2a') in 0.0406576 seconds
Number of updated asset objects reloaded before import = 0Number of asset objects unloaded after import = 1

Editor requested this worker to shutdown with reason: Scaling down because of idle timeout
AssetImportWorkerClient::OnTransportError - code=2 error=End of file
AssetImportWorker is now disconnected from the server
Process exiting
Exiting without the bug reporter. Application will terminate with return code 0